<?xml version="1.0" encoding="UTF-8" standalone="yes"?><!DOCTYPE report PUBLIC "-//JACOCO//DTD Report 1.1//EN" "report.dtd">
<report name="openpdf-markdown">
    <sessioninfo id="codespaces-7dc87a-e62ca381" start="1711908254056" dump="1711908266116"/>
    <package name="com/github/ralfstuckert/com/github/ralfstuckert/openpdf/markdown">
        <class name="com/github/ralfstuckert/com/github/ralfstuckert/openpdf/markdown/ElementProviderRegistry" sourcefilename="ElementProviderRegistry.kt">
            <method name="&lt;init&gt;" desc="(Lcom/github/ralfstuckert/com/github/ralfstuckert/openpdf/markdown/PdfRenderContext;)V" line="21">
                <counter type="INSTRUCTION" missed="0" covered="145"/>
                <counter type="LINE" missed="0" covered="26"/>
                <counter type="COMPLEXITY" missed="0" covered="1"/>
                <counter type="METHOD" missed="0" covered="1"/>
            </method>
            <method name="getDefaultRenderContext" desc="()Lcom/github/ralfstuckert/com/github/ralfstuckert/openpdf/markdown/PdfRenderContext;" line="21">
                <counter type="INSTRUCTION" missed="0" covered="3"/>
                <counter type="LINE" missed="0" covered="1"/>
                <counter type="COMPLEXITY" missed="0" covered="1"/>
                <counter type="METHOD" missed="0" covered="1"/>
            </method>
            <method name="getProviderFor" desc="(Lorg/intellij/markdown/IElementType;)Lcom/github/ralfstuckert/com/github/ralfstuckert/openpdf/markdown/ElementProvider;" line="52">
                <counter type="INSTRUCTION" missed="0" covered="9"/>
                <counter type="LINE" missed="0" covered="1"/>
                <counter type="COMPLEXITY" missed="0" covered="1"/>
                <counter type="METHOD" missed="0" covered="1"/>
            </method>
            <method name="registerProvider" desc="(Lorg/intellij/markdown/IElementType;Lcom/github/ralfstuckert/com/github/ralfstuckert/openpdf/markdown/ElementProvider;)V" line="55">
                <counter type="INSTRUCTION" missed="13" covered="0"/>
                <counter type="LINE" missed="2" covered="0"/>
                <counter type="COMPLEXITY" missed="1" covered="0"/>
                <counter type="METHOD" missed="1" covered="0"/>
            </method>
            <method name="getRenderContextFunction" desc="(Lcom/github/ralfstuckert/com/github/ralfstuckert/openpdf/markdown/ElementProviderRenderContextKey;)Lkotlin/jvm/functions/Function1;" line="59">
                <counter type="INSTRUCTION" missed="0" covered="9"/>
                <counter type="LINE" missed="0" covered="1"/>
                <counter type="COMPLEXITY" missed="0" covered="1"/>
                <counter type="METHOD" missed="0" covered="1"/>
            </method>
            <method name="registerRenderContextFunction" desc="(Lcom/github/ralfstuckert/com/github/ralfstuckert/openpdf/markdown/ElementProviderRenderContextKey;ZLkotlin/jvm/functions/Function1;)V" line="62">
                <counter type="INSTRUCTION" missed="0" covered="28"/>
                <counter type="BRANCH" missed="1" covered="3"/>
                <counter type="LINE" missed="0" covered="6"/>
                <counter type="COMPLEXITY" missed="1" covered="2"/>
                <counter type="METHOD" missed="0" covered="1"/>
            </method>
            <method name="then" desc="(Lkotlin/jvm/functions/Function1;Lkotlin/jvm/functions/Function1;)Lkotlin/jvm/functions/Function1;" line="69">
                <counter type="INSTRUCTION" missed="0" covered="13"/>
                <counter type="LINE" missed="0" covered="2"/>
                <counter type="COMPLEXITY" missed="0" covered="1"/>
                <counter type="METHOD" missed="0" covered="1"/>
            </method>
            <counter type="INSTRUCTION" missed="13" covered="207"/>
            <counter type="BRANCH" missed="1" covered="3"/>
            <counter type="LINE" missed="2" covered="36"/>
            <counter type="COMPLEXITY" missed="2" covered="7"/>
            <counter type="METHOD" missed="1" covered="6"/>
            <counter type="CLASS" missed="0" covered="1"/>
        </class>
        <class name="com/github/ralfstuckert/com/github/ralfstuckert/openpdf/markdown/ElementProviderRegistry$then$1" sourcefilename="ElementProviderRegistry.kt">
            <method name="invoke" desc="(Lcom/github/ralfstuckert/com/github/ralfstuckert/openpdf/markdown/PdfRenderContext;)Lcom/github/ralfstuckert/com/github/ralfstuckert/openpdf/markdown/PdfRenderContext;" line="70">
                <counter type="INSTRUCTION" missed="0" covered="12"/>
                <counter type="LINE" missed="0" covered="1"/>
                <counter type="COMPLEXITY" missed="0" covered="1"/>
                <counter type="METHOD" missed="0" covered="1"/>
            </method>
            <counter type="INSTRUCTION" missed="0" covered="12"/>
            <counter type="LINE" missed="0" covered="1"/>
            <counter type="COMPLEXITY" missed="0" covered="1"/>
            <counter type="METHOD" missed="0" covered="1"/>
            <counter type="CLASS" missed="0" covered="1"/>
        </class>
        <class name="com/github/ralfstuckert/com/github/ralfstuckert/openpdf/markdown/PdfRenderContextDefaults" sourcefilename="PdfRenderContextDefaults.kt">
            <method name="getFontFamily" desc="()I" line="7">
                <counter type="INSTRUCTION" missed="0" covered="2"/>
                <counter type="LINE" missed="0" covered="1"/>
                <counter type="COMPLEXITY" missed="0" covered="1"/>
                <counter type="METHOD" missed="0" covered="1"/>
            </method>
            <method name="getFontSize" desc="()F" line="8">
                <counter type="INSTRUCTION" missed="0" covered="2"/>
                <counter type="LINE" missed="0" covered="1"/>
                <counter type="COMPLEXITY" missed="0" covered="1"/>
                <counter type="METHOD" missed="0" covered="1"/>
            </method>
            <method name="getFontStyle" desc="()I" line="9">
                <counter type="INSTRUCTION" missed="0" covered="2"/>
                <counter type="LINE" missed="0" covered="1"/>
                <counter type="COMPLEXITY" missed="0" covered="1"/>
                <counter type="METHOD" missed="0" covered="1"/>
            </method>
            <method name="getColor" desc="()Ljava/awt/Color;" line="10">
                <counter type="INSTRUCTION" missed="0" covered="2"/>
                <counter type="LINE" missed="0" covered="1"/>
                <counter type="COMPLEXITY" missed="0" covered="1"/>
                <counter type="METHOD" missed="0" covered="1"/>
            </method>
            <method name="&lt;clinit&gt;" desc="()V" line="7">
                <counter type="INSTRUCTION" missed="0" covered="11"/>
                <counter type="LINE" missed="0" covered="3"/>
                <counter type="COMPLEXITY" missed="0" covered="1"/>
                <counter type="METHOD" missed="0" covered="1"/>
            </method>
            <counter type="INSTRUCTION" missed="0" covered="19"/>
            <counter type="LINE" missed="0" covered="4"/>
            <counter type="COMPLEXITY" missed="0" covered="5"/>
            <counter type="METHOD" missed="0" covered="5"/>
            <counter type="CLASS" missed="0" covered="1"/>
        </class>
        <class name="com/github/ralfstuckert/com/github/ralfstuckert/openpdf/markdown/ElementProvider" sourcefilename="ElementProvider.kt"/>
        <class name="com/github/ralfstuckert/com/github/ralfstuckert/openpdf/markdown/OpenPdfMarkdownGeneratorKt$main$registry$1$3$1" sourcefilename="OpenPdfMarkdownGenerator.kt">
            <method name="invoke" desc="(Lcom/github/ralfstuckert/com/github/ralfstuckert/openpdf/markdown/PdfRenderContextBuilderDsl;)V" line="97">
                <counter type="INSTRUCTION" missed="10" covered="0"/>
                <counter type="LINE" missed="2" covered="0"/>
                <counter type="COMPLEXITY" missed="1" covered="0"/>
                <counter type="METHOD" missed="1" covered="0"/>
            </method>
            <counter type="INSTRUCTION" missed="10" covered="0"/>
            <counter type="LINE" missed="2" covered="0"/>
            <counter type="COMPLEXITY" missed="1" covered="0"/>
            <counter type="METHOD" missed="1" covered="0"/>
            <counter type="CLASS" missed="1" covered="0"/>
        </class>
        <class name="com/github/ralfstuckert/com/github/ralfstuckert/openpdf/markdown/PdfRenderContextKeys" sourcefilename="PdfRenderContextKeys.kt">
            <method name="getFONT_FAMILY" desc="()Lcom/github/ralfstuckert/com/github/ralfstuckert/openpdf/markdown/PdfRenderContextKey;" line="7">
                <counter type="INSTRUCTION" missed="0" covered="2"/>
                <counter type="LINE" missed="0" covered="1"/>
                <counter type="COMPLEXITY" missed="0" covered="1"/>
                <counter type="METHOD" missed="0" covered="1"/>
            </method>
            <method name="getFONT_SIZE" desc="()Lcom/github/ralfstuckert/com/github/ralfstuckert/openpdf/markdown/PdfRenderContextKey;" line="8">
                <counter type="INSTRUCTION" missed="0" covered="2"/>
                <counter type="LINE" missed="0" covered="1"/>
                <counter type="COMPLEXITY" missed="0" covered="1"/>
                <counter type="METHOD" missed="0" covered="1"/>
            </method>
            <method name="getFONT_STYLE" desc="()Lcom/github/ralfstuckert/com/github/ralfstuckert/openpdf/markdown/PdfRenderContextKey;" line="9">
                <counter type="INSTRUCTION" missed="0" covered="2"/>
                <counter type="LINE" missed="0" covered="1"/>
                <counter type="COMPLEXITY" missed="0" covered="1"/>
                <counter type="METHOD" missed="0" covered="1"/>
            </method>
            <method name="getCOLOR" desc="()Lcom/github/ralfstuckert/com/github/ralfstuckert/openpdf/markdown/PdfRenderContextKey;" line="10">
                <counter type="INSTRUCTION" missed="0" covered="2"/>
                <counter type="LINE" missed="0" covered="1"/>
                <counter type="COMPLEXITY" missed="0" covered="1"/>
                <counter type="METHOD" missed="0" covered="1"/>
            </method>
            <method name="getBACKGROUND_COLOR" desc="()Lcom/github/ralfstuckert/com/github/ralfstuckert/openpdf/markdown/PdfRenderContextKey;" line="11">
                <counter type="INSTRUCTION" missed="0" covered="2"/>
                <counter type="LINE" missed="0" covered="1"/>
                <counter type="COMPLEXITY" missed="0" covered="1"/>
                <counter type="METHOD" missed="0" covered="1"/>
            </method>
            <method name="getLINE_THICKNESS" desc="()Lcom/github/ralfstuckert/com/github/ralfstuckert/openpdf/markdown/PdfRenderContextKey;" line="13">
                <counter type="INSTRUCTION" missed="0" covered="2"/>
                <counter type="LINE" missed="0" covered="1"/>
                <counter type="COMPLEXITY" missed="0" covered="1"/>
                <counter type="METHOD" missed="0" covered="1"/>
            </method>
            <method name="getBORDER_WIDTH" desc="()Lcom/github/ralfstuckert/com/github/ralfstuckert/openpdf/markdown/PdfRenderContextKey;" line="15">
                <counter type="INSTRUCTION" missed="0" covered="2"/>
                <counter type="LINE" missed="0" covered="1"/>
                <counter type="COMPLEXITY" missed="0" covered="1"/>
                <counter type="METHOD" missed="0" covered="1"/>
            </method>
            <method name="getBORDER_COLOR" desc="()Lcom/github/ralfstuckert/com/github/ralfstuckert/openpdf/markdown/PdfRenderContextKey;" line="16">
                <counter type="INSTRUCTION" missed="0" covered="2"/>
                <counter type="LINE" missed="0" covered="1"/>
                <counter type="COMPLEXITY" missed="0" covered="1"/>
                <counter type="METHOD" missed="0" covered="1"/>
            </method>
            <method name="getWIDTH_PERCENTAGE" desc="()Lcom/github/ralfstuckert/com/github/ralfstuckert/openpdf/markdown/PdfRenderContextKey;" line="18">
                <counter type="INSTRUCTION" missed="0" covered="2"/>
                <counter type="LINE" missed="0" covered="1"/>
                <counter type="COMPLEXITY" missed="0" covered="1"/>
                <counter type="METHOD" missed="0" covered="1"/>
            </method>
            <method name="getHORIZONTAL_ALIGNMENT" desc="()Lcom/github/ralfstuckert/com/github/ralfstuckert/openpdf/markdown/PdfRenderContextKey;" line="19">
                <counter type="INSTRUCTION" missed="0" covered="2"/>
                <counter type="LINE" missed="0" covered="1"/>
                <counter type="COMPLEXITY" missed="0" covered="1"/>
                <counter type="METHOD" missed="0" covered="1"/>
            </method>
            <method name="getPADDING_LEFT" desc="()Lcom/github/ralfstuckert/com/github/ralfstuckert/openpdf/markdown/PdfRenderContextKey;" line="21">
                <counter type="INSTRUCTION" missed="0" covered="2"/>
                <counter type="LINE" missed="0" covered="1"/>
                <counter type="COMPLEXITY" missed="0" covered="1"/>
                <counter type="METHOD" missed="0" covered="1"/>
            </method>
            <method name="getWEIGHTED_WIDTHS_ENABLED" desc="()Lcom/github/ralfstuckert/com/github/ralfstuckert/openpdf/markdown/PdfRenderContextKey;" line="23">
                <counter type="INSTRUCTION" missed="0" covered="2"/>
                <counter type="LINE" missed="0" covered="1"/>
                <counter type="COMPLEXITY" missed="0" covered="1"/>
                <counter type="METHOD" missed="0" covered="1"/>
            </method>
            <method name="getCOLSPAN_ENABLED" desc="()Lcom/github/ralfstuckert/com/github/ralfstuckert/openpdf/markdown/PdfRenderContextKey;" line="24">
                <counter type="INSTRUCTION" missed="0" covered="2"/>
                <counter type="LINE" missed="0" covered="1"/>
                <counter type="COMPLEXITY" missed="0" covered="1"/>
                <counter type="METHOD" missed="0" covered="1"/>
            </method>
            <method name="getPAGE_BREAK_ON_HORIZONTAL_RULE_ENABLED" desc="()Lcom/github/ralfstuckert/com/github/ralfstuckert/openpdf/markdown/PdfRenderContextKey;" line="25">
                <counter type="INSTRUCTION" missed="0" covered="2"/>
                <counter type="LINE" missed="0" covered="1"/>
                <counter type="COMPLEXITY" missed="0" covered="1"/>
                <counter type="METHOD" missed="0" covered="1"/>
            </method>
            <method name="getLIST_INDEX_ITERATOR_FACTORY" desc="()Lcom/github/ralfstuckert/com/github/ralfstuckert/openpdf/markdown/PdfRenderContextKey;" line="26">
                <counter type="INSTRUCTION" missed="0" covered="2"/>
                <counter type="LINE" missed="0" covered="1"/>
                <counter type="COMPLEXITY" missed="0" covered="1"/>
                <counter type="METHOD" missed="0" covered="1"/>
            </method>
            <method name="&lt;clinit&gt;" desc="()V" line="7">
                <counter type="INSTRUCTION" missed="0" covered="80"/>
                <counter type="LINE" missed="0" covered="15"/>
                <counter type="COMPLEXITY" missed="0" covered="1"/>
                <counter type="METHOD" missed="0" covered="1"/>
            </method>
            <counter type="INSTRUCTION" missed="0" covered="110"/>
            <counter type="LINE" missed="0" covered="15"/>
            <counter type="COMPLEXITY" missed="0" covered="16"/>
            <counter type="METHOD" missed="0" covered="16"/>
            <counter type="CLASS" missed="0" covered="1"/>
        </class>
        <class name="com/github/ralfstuckert/com/github/ralfstuckert/openpdf/markdown/PdfRenderContextBuilderKt" sourcefilename="PdfRenderContextBuilder.kt">
            <method name="pdfRenderContext" desc="(Lkotlin/jvm/functions/Function1;)Lcom/github/ralfstuckert/com/github/ralfstuckert/openpdf/markdown/PdfRenderContext;" line="18">
                <counter type="INSTRUCTION" missed="0" covered="14"/>
                <counter type="LINE" missed="0" covered="3"/>
                <counter type="COMPLEXITY" missed="0" covered="1"/>
                <counter type="METHOD" missed="0" covered="1"/>
            </method>
            <method name="derive" desc="(Lcom/github/ralfstuckert/com/github/ralfstuckert/openpdf/markdown/PdfRenderContext;Lkotlin/jvm/functions/Function1;)Lcom/github/ralfstuckert/com/github/ralfstuckert/openpdf/markdown/PdfRenderContext;" line="24">
                <counter type="INSTRUCTION" missed="0" covered="11"/>
                <counter type="LINE" missed="0" covered="1"/>
                <counter type="COMPLEXITY" missed="0" covered="1"/>
                <counter type="METHOD" missed="0" covered="1"/>
            </method>
            <counter type="INSTRUCTION" missed="0" covered="25"/>
            <counter type="LINE" missed="0" covered="4"/>
            <counter type="COMPLEXITY" missed="0" covered="2"/>
            <counter type="METHOD" missed="0" covered="2"/>
            <counter type="CLASS" missed="0" covered="1"/>
        </class>
        <class name="com/github/ralfstuckert/com/github/ralfstuckert/openpdf/markdown/ElementProviderRenderContextRegistry$DefaultImpls" sourcefilename="ElementProviderRegistry.kt">
            <method name="registerRenderContextFunction$default" desc="(Lcom/github/ralfstuckert/com/github/ralfstuckert/openpdf/markdown/ElementProviderRenderContextRegistry;Lcom/github/ralfstuckert/com/github/ralfstuckert/openpdf/markdown/ElementProviderRenderContextKey;ZLkotlin/jvm/functions/Function1;ILjava/lang/Object;)V" line="16">
                <counter type="INSTRUCTION" missed="0" covered="11"/>
                <counter type="LINE" missed="0" covered="1"/>
                <counter type="COMPLEXITY" missed="0" covered="1"/>
                <counter type="METHOD" missed="0" covered="1"/>
            </method>
            <counter type="INSTRUCTION" missed="0" covered="11"/>
            <counter type="LINE" missed="0" covered="1"/>
            <counter type="COMPLEXITY" missed="0" covered="1"/>
            <counter type="METHOD" missed="0" covered="1"/>
            <counter type="CLASS" missed="0" covered="1"/>
        </class>
        <class name="com/github/ralfstuckert/com/github/ralfstuckert/openpdf/markdown/OpenPdfMarkdownGeneratorKt" sourcefilename="OpenPdfMarkdownGenerator.kt">
            <method name="main" desc="()V" line="33">
                <counter type="INSTRUCTION" missed="122" covered="0"/>
                <counter type="LINE" missed="24" covered="0"/>
                <counter type="COMPLEXITY" missed="1" covered="0"/>
                <counter type="METHOD" missed="1" covered="0"/>
            </method>
            <counter type="INSTRUCTION" missed="122" covered="0"/>
            <counter type="LINE" missed="24" covered="0"/>
            <counter type="COMPLEXITY" missed="1" covered="0"/>
            <counter type="METHOD" missed="1" covered="0"/>
            <counter type="CLASS" missed="1" covered="0"/>
        </class>
        <class name="com/github/ralfstuckert/com/github/ralfstuckert/openpdf/markdown/PdfRenderContextBuilderDsl" sourcefilename="PdfRenderContextBuilder.kt"/>
        <class name="com/github/ralfstuckert/com/github/ralfstuckert/openpdf/markdown/OpenPdfMarkdownGeneratorKt$main$registry$1$4$1" sourcefilename="OpenPdfMarkdownGenerator.kt">
            <method name="invoke" desc="(Lcom/github/ralfstuckert/com/github/ralfstuckert/openpdf/markdown/PdfRenderContextBuilderDsl;)V" line="102">
                <counter type="INSTRUCTION" missed="12" covered="0"/>
                <counter type="LINE" missed="2" covered="0"/>
                <counter type="COMPLEXITY" missed="1" covered="0"/>
                <counter type="METHOD" missed="1" covered="0"/>
            </method>
            <counter type="INSTRUCTION" missed="12" covered="0"/>
            <counter type="LINE" missed="2" covered="0"/>
            <counter type="COMPLEXITY" missed="1" covered="0"/>
            <counter type="METHOD" missed="1" covered="0"/>
            <counter type="CLASS" missed="1" covered="0"/>
        </class>
        <class name="com/github/ralfstuckert/com/github/ralfstuckert/openpdf/markdown/OpenPdfMarkdownGenerator" sourcefilename="OpenPdfMarkdownGenerator.kt">
            <method name="&lt;init&gt;" desc="()V" line="19">
                <counter type="INSTRUCTION" missed="0" covered="3"/>
                <counter type="LINE" missed="0" covered="1"/>
                <counter type="COMPLEXITY" missed="0" covered="1"/>
                <counter type="METHOD" missed="0" covered="1"/>
            </method>
            <method name="generate" desc="(Ljava/lang/String;Lcom/github/ralfstuckert/com/github/ralfstuckert/openpdf/markdown/ElementProviderRegistry;)Lcom/lowagie/text/Element;" line="22">
                <counter type="INSTRUCTION" missed="0" covered="43"/>
                <counter type="LINE" missed="0" covered="6"/>
                <counter type="COMPLEXITY" missed="0" covered="1"/>
                <counter type="METHOD" missed="0" covered="1"/>
            </method>
            <method name="generate$default" desc="(Lcom/github/ralfstuckert/com/github/ralfstuckert/openpdf/markdown/OpenPdfMarkdownGenerator;Ljava/lang/String;Lcom/github/ralfstuckert/com/github/ralfstuckert/openpdf/markdown/ElementProviderRegistry;ILjava/lang/Object;)Lcom/lowagie/text/Element;" line="21">
                <counter type="INSTRUCTION" missed="13" covered="0"/>
                <counter type="LINE" missed="1" covered="0"/>
                <counter type="COMPLEXITY" missed="1" covered="0"/>
                <counter type="METHOD" missed="1" covered="0"/>
            </method>
            <counter type="INSTRUCTION" missed="13" covered="46"/>
            <counter type="LINE" missed="1" covered="7"/>
            <counter type="COMPLEXITY" missed="1" covered="2"/>
            <counter type="METHOD" missed="1" covered="2"/>
            <counter type="CLASS" missed="0" covered="1"/>
        </class>
        <class name="com/github/ralfstuckert/com/github/ralfstuckert/openpdf/markdown/OpenPdfVisitorKt" sourcefilename="OpenPdfVisitor.kt">
            <method name="getChildren" desc="(Lorg/intellij/markdown/ast/ASTNode;Z)Ljava/util/List;" line="32">
                <counter type="INSTRUCTION" missed="0" covered="9"/>
                <counter type="LINE" missed="0" covered="1"/>
                <counter type="COMPLEXITY" missed="0" covered="1"/>
                <counter type="METHOD" missed="0" covered="1"/>
            </method>
            <method name="filterChildren" desc="(Ljava/util/List;Z)Ljava/util/List;" line="35">
                <counter type="INSTRUCTION" missed="0" covered="24"/>
                <counter type="BRANCH" missed="0" covered="2"/>
                <counter type="LINE" missed="0" covered="5"/>
                <counter type="COMPLEXITY" missed="0" covered="2"/>
                <counter type="METHOD" missed="0" covered="1"/>
            </method>
            <method name="fixEolAfterBlockQuote" desc="(Ljava/util/List;)Ljava/util/List;" line="42">
                <counter type="INSTRUCTION" missed="0" covered="37"/>
                <counter type="BRANCH" missed="0" covered="6"/>
                <counter type="LINE" missed="0" covered="5"/>
                <counter type="COMPLEXITY" missed="0" covered="4"/>
                <counter type="METHOD" missed="0" covered="1"/>
            </method>
            <counter type="INSTRUCTION" missed="0" covered="70"/>
            <counter type="BRANCH" missed="0" covered="8"/>
            <counter type="LINE" missed="0" covered="11"/>
            <counter type="COMPLEXITY" missed="0" covered="7"/>
            <counter type="METHOD" missed="0" covered="3"/>
            <counter type="CLASS" missed="0" covered="1"/>
        </class>
        <class name="com/github/ralfstuckert/com/github/ralfstuckert/openpdf/markdown/OpenPdfMarkdownGeneratorKt$main$renderContextBase$1" sourcefilename="OpenPdfMarkdownGenerator.kt">
            <method name="invoke" desc="(Lcom/github/ralfstuckert/com/github/ralfstuckert/openpdf/markdown/PdfRenderContextBuilderDsl;)V" line="80">
                <counter type="INSTRUCTION" missed="10" covered="0"/>
                <counter type="LINE" missed="2" covered="0"/>
                <counter type="COMPLEXITY" missed="1" covered="0"/>
                <counter type="METHOD" missed="1" covered="0"/>
            </method>
            <counter type="INSTRUCTION" missed="10" covered="0"/>
            <counter type="LINE" missed="2" covered="0"/>
            <counter type="COMPLEXITY" missed="1" covered="0"/>
            <counter type="METHOD" missed="1" covered="0"/>
            <counter type="CLASS" missed="1" covered="0"/>
        </class>
        <class name="com/github/ralfstuckert/com/github/ralfstuckert/openpdf/markdown/HorizontalAlignment" sourcefilename="PdfRenderContextKeys.kt">
            <method name="&lt;clinit&gt;" desc="()V" line="32">
                <counter type="INSTRUCTION" missed="0" covered="25"/>
                <counter type="LINE" missed="0" covered="1"/>
                <counter type="COMPLEXITY" missed="0" covered="1"/>
                <counter type="METHOD" missed="0" covered="1"/>
            </method>
            <counter type="INSTRUCTION" missed="0" covered="25"/>
            <counter type="LINE" missed="0" covered="1"/>
            <counter type="COMPLEXITY" missed="0" covered="1"/>
            <counter type="METHOD" missed="0" covered="1"/>
            <counter type="CLASS" missed="0" covered="1"/>
        </class>
        <class name="com/github/ralfstuckert/com/github/ralfstuckert/openpdf/markdown/OpenPdfMarkdownGeneratorKt$main$registry$1$2" sourcefilename="OpenPdfMarkdownGenerator.kt">
            <method name="invoke" desc="(Lcom/github/ralfstuckert/com/github/ralfstuckert/openpdf/markdown/PdfRenderContext;)Lcom/github/ralfstuckert/com/github/ralfstuckert/openpdf/markdown/PdfRenderContext;" line="90">
                <counter type="INSTRUCTION" missed="8" covered="0"/>
                <counter type="LINE" missed="1" covered="0"/>
                <counter type="COMPLEXITY" missed="1" covered="0"/>
                <counter type="METHOD" missed="1" covered="0"/>
            </method>
            <counter type="INSTRUCTION" missed="8" covered="0"/>
            <counter type="LINE" missed="1" covered="0"/>
            <counter type="COMPLEXITY" missed="1" covered="0"/>
            <counter type="METHOD" missed="1" covered="0"/>
            <counter type="CLASS" missed="1" covered="0"/>
        </class>
        <class name="com/github/ralfstuckert/com/github/ralfstuckert/openpdf/markdown/OpenPdfMarkdownGeneratorKt$main$registry$1$1" sourcefilename="OpenPdfMarkdownGenerator.kt">
            <method name="invoke" desc="(Lcom/github/ralfstuckert/com/github/ralfstuckert/openpdf/markdown/PdfRenderContext;)Lcom/github/ralfstuckert/com/github/ralfstuckert/openpdf/markdown/PdfRenderContext;" line="85">
                <counter type="INSTRUCTION" missed="8" covered="0"/>
                <counter type="LINE" missed="1" covered="0"/>
                <counter type="COMPLEXITY" missed="1" covered="0"/>
                <counter type="METHOD" missed="1" covered="0"/>
            </method>
            <counter type="INSTRUCTION" missed="8" covered="0"/>
            <counter type="LINE" missed="1" covered="0"/>
            <counter type="COMPLEXITY" missed="1" covered="0"/>
            <counter type="METHOD" missed="1" covered="0"/>
            <counter type="CLASS" missed="1" covered="0"/>
        </class>
        <class name="com/github/ralfstuckert/com/github/ralfstuckert/openpdf/markdown/OpenPdfMarkdownGeneratorKt$main$registry$1$4" sourcefilename="OpenPdfMarkdownGenerator.kt">
            <method name="invoke" desc="(Lcom/github/ralfstuckert/com/github/ralfstuckert/openpdf/markdown/PdfRenderContext;)Lcom/github/ralfstuckert/com/github/ralfstuckert/openpdf/markdown/PdfRenderContext;" line="101">
                <counter type="INSTRUCTION" missed="8" covered="0"/>
                <counter type="LINE" missed="1" covered="0"/>
                <counter type="COMPLEXITY" missed="1" covered="0"/>
                <counter type="METHOD" missed="1" covered="0"/>
            </method>
            <counter type="INSTRUCTION" missed="8" covered="0"/>
            <counter type="LINE" missed="1" covered="0"/>
            <counter type="COMPLEXITY" missed="1" covered="0"/>
            <counter type="METHOD" missed="1" covered="0"/>
            <counter type="CLASS" missed="1" covered="0"/>
        </class>
        <class name="com/github/ralfstuckert/com/github/ralfstuckert/openpdf/markdown/PdfRenderContextKt" sourcefilename="PdfRenderContext.kt">
            <method name="getFontSize" desc="(Lcom/github/ralfstuckert/com/github/ralfstuckert/openpdf/markdown/PdfRenderContext;)F" line="37">
                <counter type="INSTRUCTION" missed="3" covered="16"/>
                <counter type="BRANCH" missed="1" covered="1"/>
                <counter type="LINE" missed="0" covered="1"/>
                <counter type="COMPLEXITY" missed="1" covered="1"/>
                <counter type="METHOD" missed="0" covered="1"/>
            </method>
            <method name="getFontFamily" desc="(Lcom/github/ralfstuckert/com/github/ralfstuckert/openpdf/markdown/PdfRenderContext;)I" line="39">
                <counter type="INSTRUCTION" missed="3" covered="16"/>
                <counter type="BRANCH" missed="1" covered="1"/>
                <counter type="LINE" missed="0" covered="1"/>
                <counter type="COMPLEXITY" missed="1" covered="1"/>
                <counter type="METHOD" missed="0" covered="1"/>
            </method>
            <method name="getFontStyle" desc="(Lcom/github/ralfstuckert/com/github/ralfstuckert/openpdf/markdown/PdfRenderContext;)I" line="41">
                <counter type="INSTRUCTION" missed="3" covered="16"/>
                <counter type="BRANCH" missed="1" covered="1"/>
                <counter type="LINE" missed="0" covered="1"/>
                <counter type="COMPLEXITY" missed="1" covered="1"/>
                <counter type="METHOD" missed="0" covered="1"/>
            </method>
            <method name="getColor" desc="(Lcom/github/ralfstuckert/com/github/ralfstuckert/openpdf/markdown/PdfRenderContext;)Ljava/awt/Color;" line="43">
                <counter type="INSTRUCTION" missed="3" covered="14"/>
                <counter type="BRANCH" missed="1" covered="1"/>
                <counter type="LINE" missed="0" covered="1"/>
                <counter type="COMPLEXITY" missed="1" covered="1"/>
                <counter type="METHOD" missed="0" covered="1"/>
            </method>
            <method name="getFont" desc="(Lcom/github/ralfstuckert/com/github/ralfstuckert/openpdf/markdown/PdfRenderContext;)Lcom/lowagie/text/Font;" line="45">
                <counter type="INSTRUCTION" missed="0" covered="15"/>
                <counter type="LINE" missed="0" covered="1"/>
                <counter type="COMPLEXITY" missed="0" covered="1"/>
                <counter type="METHOD" missed="0" covered="1"/>
            </method>
            <counter type="INSTRUCTION" missed="12" covered="77"/>
            <counter type="BRANCH" missed="4" covered="4"/>
            <counter type="LINE" missed="0" covered="5"/>
            <counter type="COMPLEXITY" missed="4" covered="5"/>
            <counter type="METHOD" missed="0" covered="5"/>
            <counter type="CLASS" missed="0" covered="1"/>
        </class>
        <class name="com/github/ralfstuckert/com/github/ralfstuckert/openpdf/markdown/OpenPdfMarkdownGeneratorKt$main$registry$1$3" sourcefilename="OpenPdfMarkdownGenerator.kt">
            <method name="invoke" desc="(Lcom/github/ralfstuckert/com/github/ralfstuckert/openpdf/markdown/PdfRenderContext;)Lcom/github/ralfstuckert/com/github/ralfstuckert/openpdf/markdown/PdfRenderContext;" line="96">
                <counter type="INSTRUCTION" missed="8" covered="0"/>
                <counter type="LINE" missed="1" covered="0"/>
                <counter type="COMPLEXITY" missed="1" covered="0"/>
                <counter type="METHOD" missed="1" covered="0"/>
            </method>
            <counter type="INSTRUCTION" missed="8" covered="0"/>
            <counter type="LINE" missed="1" covered="0"/>
            <counter type="COMPLEXITY" missed="1" covered="0"/>
            <counter type="METHOD" missed="1" covered="0"/>
            <counter type="CLASS" missed="1" covered="0"/>
        </class>
        <class name="com/github/ralfstuckert/com/github/ralfstuckert/openpdf/markdown/ElementProviderRegistryKt" sourcefilename="ElementProviderRegistry.kt"/>
        <class name="com/github/ralfstuckert/com/github/ralfstuckert/openpdf/markdown/ElementProviderContext" sourcefilename="ElementProvider.kt">
            <method name="&lt;init&gt;" desc="(Ljava/lang/String;Lcom/lowagie/text/TextElementArray;Lcom/github/ralfstuckert/com/github/ralfstuckert/openpdf/markdown/PdfRenderContext;Lcom/github/ralfstuckert/com/github/ralfstuckert/openpdf/markdown/ElementProviderRenderContextRegistry;)V" line="21">
                <counter type="INSTRUCTION" missed="0" covered="27"/>
                <counter type="LINE" missed="0" covered="5"/>
                <counter type="COMPLEXITY" missed="0" covered="1"/>
                <counter type="METHOD" missed="0" covered="1"/>
            </method>
            <method name="getMarkdownText" desc="()Ljava/lang/String;" line="22">
                <counter type="INSTRUCTION" missed="0" covered="3"/>
                <counter type="LINE" missed="0" covered="1"/>
                <counter type="COMPLEXITY" missed="0" covered="1"/>
                <counter type="METHOD" missed="0" covered="1"/>
            </method>
            <method name="getParentPdfElement" desc="()Lcom/lowagie/text/TextElementArray;" line="23">
                <counter type="INSTRUCTION" missed="0" covered="3"/>
                <counter type="LINE" missed="0" covered="1"/>
                <counter type="COMPLEXITY" missed="0" covered="1"/>
                <counter type="METHOD" missed="0" covered="1"/>
            </method>
            <method name="getRenderContext" desc="()Lcom/github/ralfstuckert/com/github/ralfstuckert/openpdf/markdown/PdfRenderContext;" line="24">
                <counter type="INSTRUCTION" missed="0" covered="3"/>
                <counter type="LINE" missed="0" covered="1"/>
                <counter type="COMPLEXITY" missed="0" covered="1"/>
                <counter type="METHOD" missed="0" covered="1"/>
            </method>
            <method name="getRenderContextRegistry" desc="()Lcom/github/ralfstuckert/com/github/ralfstuckert/openpdf/markdown/ElementProviderRenderContextRegistry;" line="25">
                <counter type="INSTRUCTION" missed="3" covered="0"/>
                <counter type="LINE" missed="1" covered="0"/>
                <counter type="COMPLEXITY" missed="1" covered="0"/>
                <counter type="METHOD" missed="1" covered="0"/>
            </method>
            <method name="deriveRenderContext" desc="(Lcom/github/ralfstuckert/com/github/ralfstuckert/openpdf/markdown/ElementProviderRenderContextKey;)Lcom/github/ralfstuckert/com/github/ralfstuckert/openpdf/markdown/PdfRenderContext;" line="29">
                <counter type="INSTRUCTION" missed="3" covered="16"/>
                <counter type="BRANCH" missed="2" covered="2"/>
                <counter type="LINE" missed="0" covered="1"/>
                <counter type="COMPLEXITY" missed="2" covered="1"/>
                <counter type="METHOD" missed="0" covered="1"/>
            </method>
            <counter type="INSTRUCTION" missed="6" covered="52"/>
            <counter type="BRANCH" missed="2" covered="2"/>
            <counter type="LINE" missed="0" covered="6"/>
            <counter type="COMPLEXITY" missed="3" covered="5"/>
            <counter type="METHOD" missed="1" covered="5"/>
            <counter type="CLASS" missed="0" covered="1"/>
        </class>
        <class name="com/github/ralfstuckert/com/github/ralfstuckert/openpdf/markdown/ElementProviderRenderContextRegistry" sourcefilename="ElementProviderRegistry.kt"/>
        <class name="com/github/ralfstuckert/com/github/ralfstuckert/openpdf/markdown/OpenPdfMarkdownGeneratorKt$main$registry$1$1$1" sourcefilename="OpenPdfMarkdownGenerator.kt">
            <method name="invoke" desc="(Lcom/github/ralfstuckert/com/github/ralfstuckert/openpdf/markdown/PdfRenderContextBuilderDsl;)V" line="86">
                <counter type="INSTRUCTION" missed="10" covered="0"/>
                <counter type="LINE" missed="2" covered="0"/>
                <counter type="COMPLEXITY" missed="1" covered="0"/>
                <counter type="METHOD" missed="1" covered="0"/>
            </method>
            <counter type="INSTRUCTION" missed="10" covered="0"/>
            <counter type="LINE" missed="2" covered="0"/>
            <counter type="COMPLEXITY" missed="1" covered="0"/>
            <counter type="METHOD" missed="1" covered="0"/>
            <counter type="CLASS" missed="1" covered="0"/>
        </class>
        <class name="com/github/ralfstuckert/com/github/ralfstuckert/openpdf/markdown/PdfRenderContext" sourcefilename="PdfRenderContext.kt">
            <method name="&lt;init&gt;" desc="(Ljava/util/Map;)V" line="16">
                <counter type="INSTRUCTION" missed="0" covered="9"/>
                <counter type="LINE" missed="0" covered="1"/>
                <counter type="COMPLEXITY" missed="0" covered="1"/>
                <counter type="METHOD" missed="0" covered="1"/>
            </method>
            <method name="getContextMap$openpdf_markdown" desc="()Ljava/util/Map;" line="16">
                <counter type="INSTRUCTION" missed="0" covered="3"/>
                <counter type="LINE" missed="0" covered="1"/>
                <counter type="COMPLEXITY" missed="0" covered="1"/>
                <counter type="METHOD" missed="0" covered="1"/>
            </method>
            <method name="plus" desc="(Lcom/github/ralfstuckert/com/github/ralfstuckert/openpdf/markdown/PdfRenderContext;)Lcom/github/ralfstuckert/com/github/ralfstuckert/openpdf/markdown/PdfRenderContext;" line="29">
                <counter type="INSTRUCTION" missed="0" covered="12"/>
                <counter type="LINE" missed="0" covered="1"/>
                <counter type="COMPLEXITY" missed="0" covered="1"/>
                <counter type="METHOD" missed="0" covered="1"/>
            </method>
            <method name="keys" desc="()Ljava/lang/Iterable;" line="32">
                <counter type="INSTRUCTION" missed="0" covered="5"/>
                <counter type="LINE" missed="0" covered="1"/>
                <counter type="COMPLEXITY" missed="0" covered="1"/>
                <counter type="METHOD" missed="0" covered="1"/>
            </method>
            <counter type="INSTRUCTION" missed="0" covered="29"/>
            <counter type="LINE" missed="0" covered="3"/>
            <counter type="COMPLEXITY" missed="0" covered="4"/>
            <counter type="METHOD" missed="0" covered="4"/>
            <counter type="CLASS" missed="0" covered="1"/>
        </class>
        <class name="com/github/ralfstuckert/com/github/ralfstuckert/openpdf/markdown/PdfRenderContextKey" sourcefilename="PdfRenderContext.kt">
            <method name="&lt;init&gt;" desc="(Ljava/lang/String;Ljava/lang/Class;)V" line="10">
                <counter type="INSTRUCTION" missed="0" covered="15"/>
                <counter type="LINE" missed="0" covered="1"/>
                <counter type="COMPLEXITY" missed="0" covered="1"/>
                <counter type="METHOD" missed="0" covered="1"/>
            </method>
            <method name="getName" desc="()Ljava/lang/String;" line="10">
                <counter type="INSTRUCTION" missed="3" covered="0"/>
                <counter type="LINE" missed="1" covered="0"/>
                <counter type="COMPLEXITY" missed="1" covered="0"/>
                <counter type="METHOD" missed="1" covered="0"/>
            </method>
            <method name="getType" desc="()Ljava/lang/Class;" line="10">
                <counter type="INSTRUCTION" missed="3" covered="0"/>
                <counter type="LINE" missed="1" covered="0"/>
                <counter type="COMPLEXITY" missed="1" covered="0"/>
                <counter type="METHOD" missed="1" covered="0"/>
            </method>
            <counter type="INSTRUCTION" missed="6" covered="15"/>
            <counter type="LINE" missed="0" covered="1"/>
            <counter type="COMPLEXITY" missed="2" covered="1"/>
            <counter type="METHOD" missed="2" covered="1"/>
            <counter type="CLASS" missed="0" covered="1"/>
        </class>
        <class name="com/github/ralfstuckert/com/github/ralfstuckert/openpdf/markdown/ElementProviderRenderContextKey" sourcefilename="ElementProviderRegistry.kt">
            <method name="&lt;init&gt;" desc="(Ljava/lang/String;)V" line="7">
                <counter type="INSTRUCTION" missed="0" covered="9"/>
                <counter type="LINE" missed="0" covered="1"/>
                <counter type="COMPLEXITY" missed="0" covered="1"/>
                <counter type="METHOD" missed="0" covered="1"/>
            </method>
            <method name="getName" desc="()Ljava/lang/String;" line="7">
                <counter type="INSTRUCTION" missed="3" covered="0"/>
                <counter type="LINE" missed="1" covered="0"/>
                <counter type="COMPLEXITY" missed="1" covered="0"/>
                <counter type="METHOD" missed="1" covered="0"/>
            </method>
            <counter type="INSTRUCTION" missed="3" covered="9"/>
            <counter type="LINE" missed="0" covered="1"/>
            <counter type="COMPLEXITY" missed="1" covered="1"/>
            <counter type="METHOD" missed="1" covered="1"/>
            <counter type="CLASS" missed="0" covered="1"/>
        </class>
        <class name="com/github/ralfstuckert/com/github/ralfstuckert/openpdf/markdown/PdfRenderContextDefaultsKt" sourcefilename="PdfRenderContextDefaults.kt">
            <method name="getDefaultRenderContext" desc="()Lcom/github/ralfstuckert/com/github/ralfstuckert/openpdf/markdown/PdfRenderContext;" line="14">
                <counter type="INSTRUCTION" missed="0" covered="2"/>
                <counter type="LINE" missed="0" covered="1"/>
                <counter type="COMPLEXITY" missed="0" covered="1"/>
                <counter type="METHOD" missed="0" covered="1"/>
            </method>
            <method name="&lt;clinit&gt;" desc="()V" line="14">
                <counter type="INSTRUCTION" missed="0" covered="5"/>
                <counter type="LINE" missed="0" covered="1"/>
                <counter type="COMPLEXITY" missed="0" covered="1"/>
                <counter type="METHOD" missed="0" covered="1"/>
            </method>
            <counter type="INSTRUCTION" missed="0" covered="7"/>
            <counter type="LINE" missed="0" covered="1"/>
            <counter type="COMPLEXITY" missed="0" covered="2"/>
            <counter type="METHOD" missed="0" covered="2"/>
            <counter type="CLASS" missed="0" covered="1"/>
        </class>
        <class name="com/github/ralfstuckert/com/github/ralfstuckert/openpdf/markdown/OpenPdfVisitor" sourcefilename="OpenPdfVisitor.kt">
            <method name="&lt;init&gt;" desc="(Ljava/lang/String;Lcom/github/ralfstuckert/com/github/ralfstuckert/openpdf/markdown/ElementProviderRegistry;)V" line="9">
                <counter type="INSTRUCTION" missed="0" covered="15"/>
                <counter type="LINE" missed="0" covered="1"/>
                <counter type="COMPLEXITY" missed="0" covered="1"/>
                <counter type="METHOD" missed="0" covered="1"/>
            </method>
            <method name="getMarkdownText" desc="()Ljava/lang/String;" line="9">
                <counter type="INSTRUCTION" missed="3" covered="0"/>
                <counter type="LINE" missed="1" covered="0"/>
                <counter type="COMPLEXITY" missed="1" covered="0"/>
                <counter type="METHOD" missed="1" covered="0"/>
            </method>
            <method name="getRegistry" desc="()Lcom/github/ralfstuckert/com/github/ralfstuckert/openpdf/markdown/ElementProviderRegistry;" line="9">
                <counter type="INSTRUCTION" missed="0" covered="3"/>
                <counter type="LINE" missed="0" covered="1"/>
                <counter type="COMPLEXITY" missed="0" covered="1"/>
                <counter type="METHOD" missed="0" covered="1"/>
            </method>
            <method name="visitNode" desc="(Lcom/lowagie/text/TextElementArray;Lcom/github/ralfstuckert/com/github/ralfstuckert/openpdf/markdown/PdfRenderContext;Lorg/intellij/markdown/ast/ASTNode;)V" line="12">
                <counter type="INSTRUCTION" missed="0" covered="39"/>
                <counter type="BRANCH" missed="0" covered="2"/>
                <counter type="LINE" missed="0" covered="8"/>
                <counter type="COMPLEXITY" missed="0" covered="2"/>
                <counter type="METHOD" missed="0" covered="1"/>
            </method>
            <method name="visitChildren" desc="(Lcom/lowagie/text/TextElementArray;Lcom/github/ralfstuckert/com/github/ralfstuckert/openpdf/markdown/PdfRenderContext;Lorg/intellij/markdown/ast/ASTNode;Z)V" line="24">
                <counter type="INSTRUCTION" missed="0" covered="28"/>
                <counter type="BRANCH" missed="0" covered="2"/>
                <counter type="LINE" missed="0" covered="3"/>
                <counter type="COMPLEXITY" missed="0" covered="2"/>
                <counter type="METHOD" missed="0" covered="1"/>
            </method>
            <method name="visitChildren$default" desc="(Lcom/github/ralfstuckert/com/github/ralfstuckert/openpdf/markdown/OpenPdfVisitor;Lcom/lowagie/text/TextElementArray;Lcom/github/ralfstuckert/com/github/ralfstuckert/openpdf/markdown/PdfRenderContext;Lorg/intellij/markdown/ast/ASTNode;ZILjava/lang/Object;)V" line="23">
                <counter type="INSTRUCTION" missed="0" covered="12"/>
                <counter type="LINE" missed="0" covered="1"/>
                <counter type="COMPLEXITY" missed="0" covered="1"/>
                <counter type="METHOD" missed="0" covered="1"/>
            </method>
            <counter type="INSTRUCTION" missed="3" covered="97"/>
            <counter type="BRANCH" missed="0" covered="4"/>
            <counter type="LINE" missed="0" covered="13"/>
            <counter type="COMPLEXITY" missed="1" covered="7"/>
            <counter type="METHOD" missed="1" covered="5"/>
            <counter type="CLASS" missed="0" covered="1"/>
        </class>
        <class name="com/github/ralfstuckert/com/github/ralfstuckert/openpdf/markdown/PdfRenderContextDefaultsKt$defaultRenderContext$1" sourcefilename="PdfRenderContextDefaults.kt">
            <method name="invoke" desc="(Lcom/github/ralfstuckert/com/github/ralfstuckert/openpdf/markdown/PdfRenderContextBuilderDsl;)V" line="15">
                <counter type="INSTRUCTION" missed="0" covered="34"/>
                <counter type="LINE" missed="0" covered="5"/>
                <counter type="COMPLEXITY" missed="0" covered="1"/>
                <counter type="METHOD" missed="0" covered="1"/>
            </method>
            <counter type="INSTRUCTION" missed="0" covered="34"/>
            <counter type="LINE" missed="0" covered="5"/>
            <counter type="COMPLEXITY" missed="0" covered="1"/>
            <counter type="METHOD" missed="0" covered="1"/>
            <counter type="CLASS" missed="0" covered="1"/>
        </class>
        <class name="com/github/ralfstuckert/com/github/ralfstuckert/openpdf/markdown/OpenPdfMarkdownGeneratorKt$main$registry$1$2$1" sourcefilename="OpenPdfMarkdownGenerator.kt">
            <method name="invoke" desc="(Lcom/github/ralfstuckert/com/github/ralfstuckert/openpdf/markdown/PdfRenderContextBuilderDsl;)V" line="91">
                <counter type="INSTRUCTION" missed="12" covered="0"/>
                <counter type="LINE" missed="2" covered="0"/>
                <counter type="COMPLEXITY" missed="1" covered="0"/>
                <counter type="METHOD" missed="1" covered="0"/>
            </method>
            <counter type="INSTRUCTION" missed="12" covered="0"/>
            <counter type="LINE" missed="2" covered="0"/>
            <counter type="COMPLEXITY" missed="1" covered="0"/>
            <counter type="METHOD" missed="1" covered="0"/>
            <counter type="CLASS" missed="1" covered="0"/>
        </class>
        <class name="com/github/ralfstuckert/com/github/ralfstuckert/openpdf/markdown/PdfRenderContextBuilder" sourcefilename="PdfRenderContextBuilder.kt">
            <method name="&lt;init&gt;" desc="()V" line="8">
                <counter type="INSTRUCTION" missed="0" covered="9"/>
                <counter type="LINE" missed="0" covered="2"/>
                <counter type="COMPLEXITY" missed="0" covered="1"/>
                <counter type="METHOD" missed="0" covered="1"/>
            </method>
            <method name="set" desc="(Lcom/github/ralfstuckert/com/github/ralfstuckert/openpdf/markdown/PdfRenderContextKey;Ljava/lang/Object;)V" line="12">
                <counter type="INSTRUCTION" missed="0" covered="13"/>
                <counter type="LINE" missed="0" covered="1"/>
                <counter type="COMPLEXITY" missed="0" covered="1"/>
                <counter type="METHOD" missed="0" covered="1"/>
            </method>
            <method name="build" desc="()Lcom/github/ralfstuckert/com/github/ralfstuckert/openpdf/markdown/PdfRenderContext;" line="14">
                <counter type="INSTRUCTION" missed="0" covered="6"/>
                <counter type="LINE" missed="0" covered="1"/>
                <counter type="COMPLEXITY" missed="0" covered="1"/>
                <counter type="METHOD" missed="0" covered="1"/>
            </method>
            <counter type="INSTRUCTION" missed="0" covered="28"/>
            <counter type="LINE" missed="0" covered="4"/>
            <counter type="COMPLEXITY" missed="0" covered="3"/>
            <counter type="METHOD" missed="0" covered="3"/>
            <counter type="CLASS" missed="0" covered="1"/>
        </class>
        <sourcefile name="PdfRenderContextKeys.kt">
            <line nr="7" mi="0" ci="7" mb="0" cb="0"/>
            <line nr="8" mi="0" ci="7" mb="0" cb="0"/>
            <line nr="9" mi="0" ci="7" mb="0" cb="0"/>
            <line nr="10" mi="0" ci="7" mb="0" cb="0"/>
            <line nr="11" mi="0" ci="7" mb="0" cb="0"/>
            <line nr="13" mi="0" ci="7" mb="0" cb="0"/>
            <line nr="15" mi="0" ci="7" mb="0" cb="0"/>
            <line nr="16" mi="0" ci="7" mb="0" cb="0"/>
            <line nr="18" mi="0" ci="7" mb="0" cb="0"/>
            <line nr="19" mi="0" ci="7" mb="0" cb="0"/>
            <line nr="21" mi="0" ci="7" mb="0" cb="0"/>
            <line nr="23" mi="0" ci="7" mb="0" cb="0"/>
            <line nr="24" mi="0" ci="7" mb="0" cb="0"/>
            <line nr="25" mi="0" ci="7" mb="0" cb="0"/>
            <line nr="26" mi="0" ci="8" mb="0" cb="0"/>
            <line nr="32" mi="0" ci="25" mb="0" cb="0"/>
            <counter type="INSTRUCTION" missed="0" covered="135"/>
            <counter type="LINE" missed="0" covered="16"/>
            <counter type="COMPLEXITY" missed="0" covered="17"/>
            <counter type="METHOD" missed="0" covered="17"/>
            <counter type="CLASS" missed="0" covered="2"/>
        </sourcefile>
        <sourcefile name="ElementProviderRegistry.kt">
            <line nr="7" mi="3" ci="6" mb="0" cb="0"/>
            <line nr="16" mi="0" ci="11" mb="0" cb="0"/>
            <line nr="21" mi="0" ci="9" mb="0" cb="0"/>
            <line nr="23" mi="0" ci="6" mb="0" cb="0"/>
            <line nr="24" mi="0" ci="6" mb="0" cb="0"/>
            <line nr="26" mi="0" ci="1" mb="0" cb="0"/>
            <line nr="27" mi="0" ci="4" mb="0" cb="0"/>
            <line nr="28" mi="0" ci="38" mb="0" cb="0"/>
            <line nr="29" mi="0" ci="4" mb="0" cb="0"/>
            <line nr="30" mi="0" ci="4" mb="0" cb="0"/>
            <line nr="31" mi="0" ci="4" mb="0" cb="0"/>
            <line nr="32" mi="0" ci="4" mb="0" cb="0"/>
            <line nr="33" mi="0" ci="4" mb="0" cb="0"/>
            <line nr="34" mi="0" ci="4" mb="0" cb="0"/>
            <line nr="35" mi="0" ci="4" mb="0" cb="0"/>
            <line nr="36" mi="0" ci="4" mb="0" cb="0"/>
            <line nr="37" mi="0" ci="4" mb="0" cb="0"/>
            <line nr="38" mi="0" ci="4" mb="0" cb="0"/>
            <line nr="39" mi="0" ci="4" mb="0" cb="0"/>
            <line nr="40" mi="0" ci="4" mb="0" cb="0"/>
            <line nr="41" mi="0" ci="4" mb="0" cb="0"/>
            <line nr="42" mi="0" ci="4" mb="0" cb="0"/>
            <line nr="44" mi="0" ci="3" mb="0" cb="0"/>
            <line nr="45" mi="0" ci="4" mb="0" cb="0"/>
            <line nr="46" mi="0" ci="12" mb="0" cb="0"/>
            <line nr="47" mi="0" ci="1" mb="0" cb="0"/>
            <line nr="48" mi="0" ci="4" mb="0" cb="0"/>
            <line nr="49" mi="0" ci="1" mb="0" cb="0"/>
            <line nr="52" mi="0" ci="6" mb="0" cb="0"/>
            <line nr="55" mi="6" ci="0" mb="0" cb="0"/>
            <line nr="56" mi="1" ci="0" mb="0" cb="0"/>
            <line nr="59" mi="0" ci="6" mb="0" cb="0"/>
            <line nr="62" mi="0" ci="4" mb="0" cb="0"/>
            <line nr="63" mi="0" ci="5" mb="1" cb="3"/>
            <line nr="64" mi="0" ci="5" mb="0" cb="0"/>
            <line nr="65" mi="0" ci="1" mb="0" cb="0"/>
            <line nr="66" mi="0" ci="6" mb="0" cb="0"/>
            <line nr="67" mi="0" ci="1" mb="0" cb="0"/>
            <line nr="69" mi="0" ci="6" mb="0" cb="0"/>
            <line nr="70" mi="0" ci="9" mb="0" cb="0"/>
            <line nr="71" mi="0" ci="1" mb="0" cb="0"/>
            <counter type="INSTRUCTION" missed="16" covered="239"/>
            <counter type="BRANCH" missed="1" covered="3"/>
            <counter type="LINE" missed="2" covered="39"/>
            <counter type="COMPLEXITY" missed="3" covered="10"/>
            <counter type="METHOD" missed="2" covered="9"/>
            <counter type="CLASS" missed="0" covered="4"/>
        </sourcefile>
        <sourcefile name="PdfRenderContext.kt">
            <line nr="10" mi="6" ci="9" mb="0" cb="0"/>
            <line nr="16" mi="0" ci="9" mb="0" cb="0"/>
            <line nr="29" mi="0" ci="9" mb="0" cb="0"/>
            <line nr="32" mi="0" ci="5" mb="0" cb="0"/>
            <line nr="37" mi="3" ci="13" mb="1" cb="1"/>
            <line nr="39" mi="3" ci="13" mb="1" cb="1"/>
            <line nr="41" mi="3" ci="13" mb="1" cb="1"/>
            <line nr="43" mi="3" ci="11" mb="1" cb="1"/>
            <line nr="45" mi="0" ci="12" mb="0" cb="0"/>
            <counter type="INSTRUCTION" missed="18" covered="121"/>
            <counter type="BRANCH" missed="4" covered="4"/>
            <counter type="LINE" missed="0" covered="9"/>
            <counter type="COMPLEXITY" missed="6" covered="10"/>
            <counter type="METHOD" missed="2" covered="10"/>
            <counter type="CLASS" missed="0" covered="3"/>
        </sourcefile>
        <sourcefile name="ElementProvider.kt">
            <line nr="21" mi="0" ci="3" mb="0" cb="0"/>
            <line nr="22" mi="0" ci="6" mb="0" cb="0"/>
            <line nr="23" mi="0" ci="6" mb="0" cb="0"/>
            <line nr="24" mi="0" ci="6" mb="0" cb="0"/>
            <line nr="25" mi="3" ci="3" mb="0" cb="0"/>
            <line nr="29" mi="3" ci="13" mb="2" cb="2"/>
            <counter type="INSTRUCTION" missed="6" covered="52"/>
            <counter type="BRANCH" missed="2" covered="2"/>
            <counter type="LINE" missed="0" covered="6"/>
            <counter type="COMPLEXITY" missed="3" covered="5"/>
            <counter type="METHOD" missed="1" covered="5"/>
            <counter type="CLASS" missed="0" covered="1"/>
        </sourcefile>
        <sourcefile name="OpenPdfMarkdownGenerator.kt">
            <line nr="19" mi="0" ci="3" mb="0" cb="0"/>
            <line nr="21" mi="13" ci="0" mb="0" cb="0"/>
            <line nr="22" mi="0" ci="10" mb="0" cb="0"/>
            <line nr="23" mi="0" ci="7" mb="0" cb="0"/>
            <line nr="24" mi="0" ci="6" mb="0" cb="0"/>
            <line nr="25" mi="0" ci="4" mb="0" cb="0"/>
            <line nr="26" mi="0" ci="7" mb="0" cb="0"/>
            <line nr="27" mi="0" ci="3" mb="0" cb="0"/>
            <line nr="33" mi="4" ci="0" mb="0" cb="0"/>
            <line nr="34" mi="6" ci="0" mb="0" cb="0"/>
            <line nr="36" mi="2" ci="0" mb="0" cb="0"/>
            <line nr="37" mi="1" ci="0" mb="0" cb="0"/>
            <line nr="75" mi="1" ci="0" mb="0" cb="0"/>
            <line nr="79" mi="5" ci="0" mb="0" cb="0"/>
            <line nr="80" mi="6" ci="0" mb="0" cb="0"/>
            <line nr="82" mi="1" ci="0" mb="0" cb="0"/>
            <line nr="83" mi="11" ci="0" mb="0" cb="0"/>
            <line nr="84" mi="10" ci="0" mb="0" cb="0"/>
            <line nr="85" mi="5" ci="0" mb="0" cb="0"/>
            <line nr="86" mi="6" ci="0" mb="0" cb="0"/>
            <line nr="87" mi="1" ci="0" mb="0" cb="0"/>
            <line nr="89" mi="10" ci="0" mb="0" cb="0"/>
            <line nr="90" mi="5" ci="0" mb="0" cb="0"/>
            <line nr="91" mi="8" ci="0" mb="0" cb="0"/>
            <line nr="93" mi="1" ci="0" mb="0" cb="0"/>
            <line nr="95" mi="10" ci="0" mb="0" cb="0"/>
            <line nr="96" mi="5" ci="0" mb="0" cb="0"/>
            <line nr="97" mi="6" ci="0" mb="0" cb="0"/>
            <line nr="98" mi="1" ci="0" mb="0" cb="0"/>
            <line nr="100" mi="7" ci="0" mb="0" cb="0"/>
            <line nr="101" mi="5" ci="0" mb="0" cb="0"/>
            <line nr="102" mi="8" ci="0" mb="0" cb="0"/>
            <line nr="105" mi="1" ci="0" mb="0" cb="0"/>
            <line nr="107" mi="1" ci="0" mb="0" cb="0"/>
            <line nr="109" mi="2" ci="0" mb="0" cb="0"/>
            <line nr="110" mi="1" ci="0" mb="0" cb="0"/>
            <line nr="111" mi="5" ci="0" mb="0" cb="0"/>
            <line nr="112" mi="7" ci="0" mb="0" cb="0"/>
            <line nr="113" mi="3" ci="0" mb="0" cb="0"/>
            <line nr="114" mi="18" ci="0" mb="0" cb="0"/>
            <line nr="115" mi="2" ci="0" mb="0" cb="0"/>
            <line nr="116" mi="7" ci="0" mb="0" cb="0"/>
            <line nr="117" mi="4" ci="0" mb="0" cb="0"/>
            <line nr="118" mi="2" ci="0" mb="0" cb="0"/>
            <line nr="119" mi="2" ci="0" mb="0" cb="0"/>
            <line nr="121" mi="1" ci="0" mb="0" cb="0"/>
            <counter type="INSTRUCTION" missed="221" covered="46"/>
            <counter type="LINE" missed="39" covered="7"/>
            <counter type="COMPLEXITY" missed="11" covered="2"/>
            <counter type="METHOD" missed="11" covered="2"/>
            <counter type="CLASS" missed="10" covered="1"/>
        </sourcefile>
        <sourcefile name="PdfRenderContextBuilder.kt">
            <line nr="8" mi="0" ci="3" mb="0" cb="0"/>
            <line nr="9" mi="0" ci="6" mb="0" cb="0"/>
            <line nr="12" mi="0" ci="7" mb="0" cb="0"/>
            <line nr="14" mi="0" ci="6" mb="0" cb="0"/>
            <line nr="18" mi="0" ci="4" mb="0" cb="0"/>
            <line nr="19" mi="0" ci="4" mb="0" cb="0"/>
            <line nr="20" mi="0" ci="3" mb="0" cb="0"/>
            <line nr="24" mi="0" ci="5" mb="0" cb="0"/>
            <counter type="INSTRUCTION" missed="0" covered="53"/>
            <counter type="LINE" missed="0" covered="8"/>
            <counter type="COMPLEXITY" missed="0" covered="5"/>
            <counter type="METHOD" missed="0" covered="5"/>
            <counter type="CLASS" missed="0" covered="2"/>
        </sourcefile>
        <sourcefile name="PdfRenderContextDefaults.kt">
            <line nr="7" mi="0" ci="4" mb="0" cb="0"/>
            <line nr="8" mi="0" ci="4" mb="0" cb="0"/>
            <line nr="9" mi="0" ci="2" mb="0" cb="0"/>
            <line nr="10" mi="0" ci="5" mb="0" cb="0"/>
            <line nr="14" mi="0" ci="7" mb="0" cb="0"/>
            <line nr="15" mi="0" ci="7" mb="0" cb="0"/>
            <line nr="16" mi="0" ci="7" mb="0" cb="0"/>
            <line nr="17" mi="0" ci="7" mb="0" cb="0"/>
            <line nr="18" mi="0" ci="9" mb="0" cb="0"/>
            <line nr="19" mi="0" ci="1" mb="0" cb="0"/>
            <counter type="INSTRUCTION" missed="0" covered="60"/>
            <counter type="LINE" missed="0" covered="10"/>
            <counter type="COMPLEXITY" missed="0" covered="8"/>
            <counter type="METHOD" missed="0" covered="8"/>
            <counter type="CLASS" missed="0" covered="3"/>
        </sourcefile>
        <sourcefile name="OpenPdfVisitor.kt">
            <line nr="9" mi="3" ci="12" mb="0" cb="0"/>
            <line nr="12" mi="0" ci="6" mb="0" cb="0"/>
            <line nr="13" mi="0" ci="2" mb="0" cb="2"/>
            <line nr="14" mi="0" ci="3" mb="0" cb="0"/>
            <line nr="15" mi="0" ci="1" mb="0" cb="0"/>
            <line nr="16" mi="0" ci="10" mb="0" cb="0"/>
            <line nr="17" mi="0" ci="1" mb="0" cb="0"/>
            <line nr="19" mi="0" ci="6" mb="0" cb="0"/>
            <line nr="21" mi="0" ci="1" mb="0" cb="0"/>
            <line nr="23" mi="0" ci="12" mb="0" cb="0"/>
            <line nr="24" mi="0" ci="12" mb="0" cb="2"/>
            <line nr="25" mi="0" ci="6" mb="0" cb="0"/>
            <line nr="27" mi="0" ci="1" mb="0" cb="0"/>
            <line nr="32" mi="0" ci="6" mb="0" cb="0"/>
            <line nr="35" mi="0" ci="2" mb="0" cb="2"/>
            <line nr="36" mi="0" ci="3" mb="0" cb="0"/>
            <line nr="37" mi="0" ci="7" mb="0" cb="0"/>
            <line nr="38" mi="0" ci="7" mb="0" cb="0"/>
            <line nr="39" mi="0" ci="2" mb="0" cb="0"/>
            <line nr="42" mi="0" ci="11" mb="0" cb="0"/>
            <line nr="43" mi="0" ci="17" mb="0" cb="6"/>
            <line nr="44" mi="0" ci="4" mb="0" cb="0"/>
            <line nr="46" mi="0" ci="1" mb="0" cb="0"/>
            <line nr="47" mi="0" ci="1" mb="0" cb="0"/>
            <counter type="INSTRUCTION" missed="3" covered="167"/>
            <counter type="BRANCH" missed="0" covered="12"/>
            <counter type="LINE" missed="0" covered="24"/>
            <counter type="COMPLEXITY" missed="1" covered="14"/>
            <counter type="METHOD" missed="1" covered="8"/>
            <counter type="CLASS" missed="0" covered="2"/>
        </sourcefile>
        <counter type="INSTRUCTION" missed="264" covered="873"/>
        <counter type="BRANCH" missed="7" covered="21"/>
        <counter type="LINE" missed="41" covered="119"/>
        <counter type="COMPLEXITY" missed="24" covered="71"/>
        <counter type="METHOD" missed="17" covered="64"/>
        <counter type="CLASS" missed="10" covered="18"/>
    </package>
    <package name="com/github/ralfstuckert">
        <class name="com/github/ralfstuckert/ImageChunksKt" sourcefilename="ImageChunks.kt">
            <method name="main" desc="()V" line="11">
                <counter type="INSTRUCTION" missed="100" covered="0"/>
                <counter type="LINE" missed="26" covered="0"/>
                <counter type="COMPLEXITY" missed="1" covered="0"/>
                <counter type="METHOD" missed="1" covered="0"/>
            </method>
            <counter type="INSTRUCTION" missed="100" covered="0"/>
            <counter type="LINE" missed="26" covered="0"/>
            <counter type="COMPLEXITY" missed="1" covered="0"/>
            <counter type="METHOD" missed="1" covered="0"/>
            <counter type="CLASS" missed="1" covered="0"/>
        </class>
        <class name="com/github/ralfstuckert/MainKt" sourcefilename="Main.kt">
            <method name="main" desc="()V" line="14">
                <counter type="INSTRUCTION" missed="43" covered="0"/>
                <counter type="LINE" missed="9" covered="0"/>
                <counter type="COMPLEXITY" missed="1" covered="0"/>
                <counter type="METHOD" missed="1" covered="0"/>
            </method>
            <method name="visit" desc="(Lorg/intellij/markdown/ast/ASTNode;Ljava/lang/String;I)V" line="39">
                <counter type="INSTRUCTION" missed="42" covered="0"/>
                <counter type="BRANCH" missed="4" covered="0"/>
                <counter type="LINE" missed="6" covered="0"/>
                <counter type="COMPLEXITY" missed="3" covered="0"/>
                <counter type="METHOD" missed="1" covered="0"/>
            </method>
            <method name="visit$default" desc="(Lorg/intellij/markdown/ast/ASTNode;Ljava/lang/String;IILjava/lang/Object;)V" line="38">
                <counter type="INSTRUCTION" missed="10" covered="0"/>
                <counter type="LINE" missed="1" covered="0"/>
                <counter type="COMPLEXITY" missed="1" covered="0"/>
                <counter type="METHOD" missed="1" covered="0"/>
            </method>
            <method name="indent" desc="(I)Ljava/lang/String;" line="50">
                <counter type="INSTRUCTION" missed="5" covered="0"/>
                <counter type="LINE" missed="1" covered="0"/>
                <counter type="COMPLEXITY" missed="1" covered="0"/>
                <counter type="METHOD" missed="1" covered="0"/>
            </method>
            <counter type="INSTRUCTION" missed="100" covered="0"/>
            <counter type="BRANCH" missed="4" covered="0"/>
            <counter type="LINE" missed="17" covered="0"/>
            <counter type="COMPLEXITY" missed="6" covered="0"/>
            <counter type="METHOD" missed="4" covered="0"/>
            <counter type="CLASS" missed="1" covered="0"/>
        </class>
        <sourcefile name="ImageChunks.kt">
            <line nr="11" mi="2" ci="0" mb="0" cb="0"/>
            <line nr="12" mi="4" ci="0" mb="0" cb="0"/>
            <line nr="15" mi="4" ci="0" mb="0" cb="0"/>
            <line nr="16" mi="1" ci="0" mb="0" cb="0"/>
            <line nr="21" mi="8" ci="0" mb="0" cb="0"/>
            <line nr="23" mi="2" ci="0" mb="0" cb="0"/>
            <line nr="25" mi="1" ci="0" mb="0" cb="0"/>
            <line nr="26" mi="3" ci="0" mb="0" cb="0"/>
            <line nr="27" mi="5" ci="0" mb="0" cb="0"/>
            <line nr="28" mi="1" ci="0" mb="0" cb="0"/>
            <line nr="41" mi="5" ci="0" mb="0" cb="0"/>
            <line nr="42" mi="4" ci="0" mb="0" cb="0"/>
            <line nr="43" mi="10" ci="0" mb="0" cb="0"/>
            <line nr="44" mi="5" ci="0" mb="0" cb="0"/>
            <line nr="45" mi="5" ci="0" mb="0" cb="0"/>
            <line nr="46" mi="5" ci="0" mb="0" cb="0"/>
            <line nr="48" mi="5" ci="0" mb="0" cb="0"/>
            <line nr="49" mi="5" ci="0" mb="0" cb="0"/>
            <line nr="50" mi="5" ci="0" mb="0" cb="0"/>
            <line nr="51" mi="5" ci="0" mb="0" cb="0"/>
            <line nr="53" mi="3" ci="0" mb="0" cb="0"/>
            <line nr="55" mi="1" ci="0" mb="0" cb="0"/>
            <line nr="57" mi="5" ci="0" mb="0" cb="0"/>
            <line nr="58" mi="1" ci="0" mb="0" cb="0"/>
            <line nr="60" mi="4" ci="0" mb="0" cb="0"/>
            <line nr="64" mi="1" ci="0" mb="0" cb="0"/>
            <counter type="INSTRUCTION" missed="100" covered="0"/>
            <counter type="LINE" missed="26" covered="0"/>
            <counter type="COMPLEXITY" missed="1" covered="0"/>
            <counter type="METHOD" missed="1" covered="0"/>
            <counter type="CLASS" missed="1" covered="0"/>
        </sourcefile>
        <sourcefile name="Main.kt">
            <line nr="14" mi="1" ci="0" mb="0" cb="0"/>
            <line nr="19" mi="1" ci="0" mb="0" cb="0"/>
            <line nr="21" mi="2" ci="0" mb="0" cb="0"/>
            <line nr="29" mi="10" ci="0" mb="0" cb="0"/>
            <line nr="30" mi="7" ci="0" mb="0" cb="0"/>
            <line nr="32" mi="6" ci="0" mb="0" cb="0"/>
            <line nr="34" mi="12" ci="0" mb="0" cb="0"/>
            <line nr="35" mi="3" ci="0" mb="0" cb="0"/>
            <line nr="36" mi="1" ci="0" mb="0" cb="0"/>
            <line nr="38" mi="10" ci="0" mb="0" cb="0"/>
            <line nr="39" mi="18" ci="0" mb="2" cb="0"/>
            <line nr="40" mi="4" ci="0" mb="2" cb="0"/>
            <line nr="42" mi="6" ci="0" mb="0" cb="0"/>
            <line nr="43" mi="6" ci="0" mb="0" cb="0"/>
            <line nr="44" mi="1" ci="0" mb="0" cb="0"/>
            <line nr="48" mi="1" ci="0" mb="0" cb="0"/>
            <line nr="50" mi="5" ci="0" mb="0" cb="0"/>
            <counter type="INSTRUCTION" missed="100" covered="0"/>
            <counter type="BRANCH" missed="4" covered="0"/>
            <counter type="LINE" missed="17" covered="0"/>
            <counter type="COMPLEXITY" missed="6" covered="0"/>
            <counter type="METHOD" missed="4" covered="0"/>
            <counter type="CLASS" missed="1" covered="0"/>
        </sourcefile>
        <counter type="INSTRUCTION" missed="200" covered="0"/>
        <counter type="BRANCH" missed="4" covered="0"/>
        <counter type="LINE" missed="43" covered="0"/>
        <counter type="COMPLEXITY" missed="7" covered="0"/>
        <counter type="METHOD" missed="5" covered="0"/>
        <counter type="CLASS" missed="2" covered="0"/>
    </package>
    <package name="com/github/ralfstuckert/com/github/ralfstuckert/openpdf/markdown/provider">
        <class name="com/github/ralfstuckert/com/github/ralfstuckert/openpdf/markdown/provider/HorizontalRuleProvider$Companion" sourcefilename="HorizontalRuleProvider.kt">
            <method name="getHORIZONTAL_RULE_RENDER_CONTEXT_KEY" desc="()Lcom/github/ralfstuckert/com/github/ralfstuckert/openpdf/markdown/ElementProviderRenderContextKey;" line="17">
                <counter type="INSTRUCTION" missed="0" covered="2"/>
                <counter type="LINE" missed="0" covered="1"/>
                <counter type="COMPLEXITY" missed="0" covered="1"/>
                <counter type="METHOD" missed="0" covered="1"/>
            </method>
            <counter type="INSTRUCTION" missed="0" covered="2"/>
            <counter type="LINE" missed="0" covered="1"/>
            <counter type="COMPLEXITY" missed="0" covered="1"/>
            <counter type="METHOD" missed="0" covered="1"/>
            <counter type="CLASS" missed="0" covered="1"/>
        </class>
        <class name="com/github/ralfstuckert/com/github/ralfstuckert/openpdf/markdown/provider/ListProvider$setupDefaultRenderContexts$2$1" sourcefilename="ListProvider.kt">
            <method name="invoke" desc="(Lcom/github/ralfstuckert/com/github/ralfstuckert/openpdf/markdown/PdfRenderContextBuilderDsl;)V" line="44">
                <counter type="INSTRUCTION" missed="0" covered="11"/>
                <counter type="LINE" missed="0" covered="2"/>
                <counter type="COMPLEXITY" missed="0" covered="1"/>
                <counter type="METHOD" missed="0" covered="1"/>
            </method>
            <counter type="INSTRUCTION" missed="0" covered="11"/>
            <counter type="LINE" missed="0" covered="2"/>
            <counter type="COMPLEXITY" missed="0" covered="1"/>
            <counter type="METHOD" missed="0" covered="1"/>
            <counter type="CLASS" missed="0" covered="1"/>
        </class>
        <class name="com/github/ralfstuckert/com/github/ralfstuckert/openpdf/markdown/provider/ListProvider" sourcefilename="ListProvider.kt">
            <method name="&lt;init&gt;" desc="()V" line="22">
                <counter type="INSTRUCTION" missed="0" covered="24"/>
                <counter type="LINE" missed="0" covered="4"/>
                <counter type="COMPLEXITY" missed="0" covered="1"/>
                <counter type="METHOD" missed="0" covered="1"/>
            </method>
            <method name="getDefaultOrdedListIndexIteratorFactory" desc="()Lcom/github/ralfstuckert/com/github/ralfstuckert/openpdf/markdown/provider/ListIndexIteratorFactory;" line="29">
                <counter type="INSTRUCTION" missed="0" covered="3"/>
                <counter type="LINE" missed="0" covered="1"/>
                <counter type="COMPLEXITY" missed="0" covered="1"/>
                <counter type="METHOD" missed="0" covered="1"/>
            </method>
            <method name="getDefaultUnordedListIndexIteratorFactory" desc="()Lcom/github/ralfstuckert/com/github/ralfstuckert/openpdf/markdown/provider/ListIndexIteratorFactory;" line="32">
                <counter type="INSTRUCTION" missed="0" covered="3"/>
                <counter type="LINE" missed="0" covered="1"/>
                <counter type="COMPLEXITY" missed="0" covered="1"/>
                <counter type="METHOD" missed="0" covered="1"/>
            </method>
            <method name="setupDefaultRenderContexts" desc="(Lcom/github/ralfstuckert/com/github/ralfstuckert/openpdf/markdown/ElementProviderRenderContextRegistry;)V" line="37">
                <counter type="INSTRUCTION" missed="0" covered="26"/>
                <counter type="LINE" missed="0" covered="3"/>
                <counter type="COMPLEXITY" missed="0" covered="1"/>
                <counter type="METHOD" missed="0" covered="1"/>
            </method>
            <method name="getHandledNodeTypes" desc="()Ljava/util/List;" line="49">
                <counter type="INSTRUCTION" missed="0" covered="3"/>
                <counter type="LINE" missed="0" covered="1"/>
                <counter type="COMPLEXITY" missed="0" covered="1"/>
                <counter type="METHOD" missed="0" covered="1"/>
            </method>
            <method name="processNode" desc="(Lcom/github/ralfstuckert/com/github/ralfstuckert/openpdf/markdown/OpenPdfVisitor;Lcom/github/ralfstuckert/com/github/ralfstuckert/openpdf/markdown/ElementProviderContext;Lorg/intellij/markdown/ast/ASTNode;)V" line="52">
                <counter type="INSTRUCTION" missed="0" covered="30"/>
                <counter type="LINE" missed="0" covered="4"/>
                <counter type="COMPLEXITY" missed="0" covered="1"/>
                <counter type="METHOD" missed="0" covered="1"/>
            </method>
            <method name="createListNode" desc="(Lcom/github/ralfstuckert/com/github/ralfstuckert/openpdf/markdown/OpenPdfVisitor;Lcom/github/ralfstuckert/com/github/ralfstuckert/openpdf/markdown/ElementProviderContext;Lorg/intellij/markdown/ast/ASTNode;ILjava/lang/String;F)Lcom/lowagie/text/List;" line="65">
                <counter type="INSTRUCTION" missed="0" covered="120"/>
                <counter type="BRANCH" missed="0" covered="2"/>
                <counter type="LINE" missed="0" covered="20"/>
                <counter type="COMPLEXITY" missed="0" covered="2"/>
                <counter type="METHOD" missed="0" covered="1"/>
            </method>
            <method name="createListNode$default" desc="(Lcom/github/ralfstuckert/com/github/ralfstuckert/openpdf/markdown/provider/ListProvider;Lcom/github/ralfstuckert/com/github/ralfstuckert/openpdf/markdown/OpenPdfVisitor;Lcom/github/ralfstuckert/com/github/ralfstuckert/openpdf/markdown/ElementProviderContext;Lorg/intellij/markdown/ast/ASTNode;ILjava/lang/String;FILjava/lang/Object;)Lcom/lowagie/text/List;" line="57">
                <counter type="INSTRUCTION" missed="0" covered="24"/>
                <counter type="LINE" missed="0" covered="4"/>
                <counter type="COMPLEXITY" missed="0" covered="1"/>
                <counter type="METHOD" missed="0" covered="1"/>
            </method>
            <method name="getRenderContext" desc="(Lcom/github/ralfstuckert/com/github/ralfstuckert/openpdf/markdown/ElementProviderContext;Lorg/intellij/markdown/ast/ASTNode;)Lcom/github/ralfstuckert/com/github/ralfstuckert/openpdf/markdown/PdfRenderContext;" line="90">
                <counter type="INSTRUCTION" missed="0" covered="19"/>
                <counter type="BRANCH" missed="0" covered="2"/>
                <counter type="LINE" missed="0" covered="4"/>
                <counter type="COMPLEXITY" missed="0" covered="2"/>
                <counter type="METHOD" missed="0" covered="1"/>
            </method>
            <method name="getListIndexIterator" desc="(Lcom/github/ralfstuckert/com/github/ralfstuckert/openpdf/markdown/PdfRenderContext;Lorg/intellij/markdown/ast/ASTNode;ILjava/lang/String;)Lcom/github/ralfstuckert/com/github/ralfstuckert/openpdf/markdown/provider/ListIndexIterator;" line="98">
                <counter type="INSTRUCTION" missed="7" covered="38"/>
                <counter type="BRANCH" missed="2" covered="4"/>
                <counter type="LINE" missed="0" covered="4"/>
                <counter type="COMPLEXITY" missed="2" covered="2"/>
                <counter type="METHOD" missed="0" covered="1"/>
            </method>
            <method name="getListItemParagraph" desc="(Lorg/intellij/markdown/ast/ASTNode;)Lorg/intellij/markdown/ast/ASTNode;" line="104">
                <counter type="INSTRUCTION" missed="0" covered="8"/>
                <counter type="LINE" missed="0" covered="1"/>
                <counter type="COMPLEXITY" missed="0" covered="1"/>
                <counter type="METHOD" missed="0" covered="1"/>
            </method>
            <method name="getListItemSublistOrNull" desc="(Lorg/intellij/markdown/ast/ASTNode;)Lorg/intellij/markdown/ast/ASTNode;" line="107">
                <counter type="INSTRUCTION" missed="0" covered="15"/>
                <counter type="BRANCH" missed="0" covered="2"/>
                <counter type="LINE" missed="0" covered="1"/>
                <counter type="COMPLEXITY" missed="0" covered="2"/>
                <counter type="METHOD" missed="0" covered="1"/>
            </method>
            <method name="getListItems" desc="(Lorg/intellij/markdown/ast/ASTNode;)Ljava/util/List;" line="111">
                <counter type="INSTRUCTION" missed="0" covered="14"/>
                <counter type="LINE" missed="0" covered="1"/>
                <counter type="COMPLEXITY" missed="0" covered="1"/>
                <counter type="METHOD" missed="0" covered="1"/>
            </method>
            <method name="defaultOrdedListIndexIteratorFactory$lambda$0" desc="(ILjava/lang/String;)Lcom/github/ralfstuckert/com/github/ralfstuckert/openpdf/markdown/provider/ListIndexIterator;" line="30">
                <counter type="INSTRUCTION" missed="0" covered="10"/>
                <counter type="LINE" missed="0" covered="1"/>
                <counter type="COMPLEXITY" missed="0" covered="1"/>
                <counter type="METHOD" missed="0" covered="1"/>
            </method>
            <method name="defaultUnordedListIndexIteratorFactory$lambda$1" desc="(ILjava/lang/String;)Lcom/github/ralfstuckert/com/github/ralfstuckert/openpdf/markdown/provider/ListIndexIterator;" line="33">
                <counter type="INSTRUCTION" missed="0" covered="13"/>
                <counter type="LINE" missed="0" covered="1"/>
                <counter type="COMPLEXITY" missed="0" covered="1"/>
                <counter type="METHOD" missed="0" covered="1"/>
            </method>
            <method name="&lt;clinit&gt;" desc="()V" line="25">
                <counter type="INSTRUCTION" missed="0" covered="18"/>
                <counter type="LINE" missed="0" covered="2"/>
                <counter type="COMPLEXITY" missed="0" covered="1"/>
                <counter type="METHOD" missed="0" covered="1"/>
            </method>
[...]
        </sourcefile>
        <sourcefile name="AbstractElementProvider.kt">
            <line nr="9" mi="0" ci="3" mb="0" cb="0"/>
            <line nr="12" mi="9" ci="10" mb="2" cb="2"/>
            <line nr="13" mi="0" ci="1" mb="0" cb="0"/>
            <line nr="16" mi="7" ci="7" mb="1" cb="1"/>
            <line nr="19" mi="0" ci="23" mb="0" cb="4"/>
            <line nr="20" mi="0" ci="4" mb="0" cb="0"/>
            <line nr="21" mi="0" ci="1" mb="0" cb="0"/>
            <line nr="27" mi="11" ci="0" mb="4" cb="0"/>
            <line nr="30" mi="11" ci="0" mb="4" cb="0"/>
            <line nr="33" mi="11" ci="0" mb="0" cb="0"/>
            <line nr="34" mi="8" ci="0" mb="4" cb="0"/>
            <line nr="35" mi="4" ci="0" mb="0" cb="0"/>
            <line nr="37" mi="1" ci="0" mb="0" cb="0"/>
            <line nr="38" mi="1" ci="0" mb="0" cb="0"/>
            <counter type="INSTRUCTION" missed="66" covered="64"/>
            <counter type="BRANCH" missed="15" covered="7"/>
            <counter type="LINE" missed="7" covered="7"/>
            <counter type="COMPLEXITY" missed="12" covered="6"/>
            <counter type="METHOD" missed="3" covered="4"/>
            <counter type="CLASS" missed="1" covered="1"/>
        </sourcefile>
        <sourcefile name="StrongProvider.kt">
            <line nr="9" mi="0" ci="3" mb="0" cb="0"/>
            <line nr="12" mi="0" ci="9" mb="0" cb="0"/>
            <line nr="15" mi="0" ci="7" mb="0" cb="0"/>
            <line nr="18" mi="0" ci="8" mb="0" cb="0"/>
            <line nr="19" mi="0" ci="2" mb="0" cb="0"/>
            <line nr="20" mi="0" ci="8" mb="0" cb="0"/>
            <line nr="21" mi="0" ci="10" mb="0" cb="0"/>
            <line nr="22" mi="0" ci="1" mb="0" cb="0"/>
            <line nr="24" mi="0" ci="1" mb="0" cb="0"/>
            <line nr="27" mi="0" ci="3" mb="0" cb="0"/>
            <line nr="28" mi="0" ci="4" mb="0" cb="0"/>
            <line nr="29" mi="0" ci="9" mb="0" cb="0"/>
            <line nr="30" mi="0" ci="1" mb="0" cb="0"/>
            <counter type="INSTRUCTION" missed="0" covered="89"/>
            <counter type="LINE" missed="0" covered="13"/>
            <counter type="COMPLEXITY" missed="0" covered="8"/>
            <counter type="METHOD" missed="0" covered="8"/>
            <counter type="CLASS" missed="0" covered="4"/>
        </sourcefile>
        <counter type="INSTRUCTION" missed="336" covered="3836"/>
        <counter type="BRANCH" missed="72" covered="138"/>
        <counter type="LINE" missed="20" covered="489"/>
        <counter type="COMPLEXITY" missed="88" covered="228"/>
        <counter type="METHOD" missed="25" covered="186"/>
        <counter type="CLASS" missed="4" covered="71"/>
    </package>
    <package name="com/github/ralfstuckert/com/github/ralfstuckert/openpdf/markdown/document">
        <class name="com/github/ralfstuckert/com/github/ralfstuckert/openpdf/markdown/document/DocumentDsl" sourcefilename="DocumentDsl.kt"/>
        <class name="com/github/ralfstuckert/com/github/ralfstuckert/openpdf/markdown/document/MarkupBuilder" sourcefilename="DocumentDsl.kt">
            <method name="&lt;init&gt;" desc="(Lcom/github/ralfstuckert/com/github/ralfstuckert/openpdf/markdown/ElementProviderRegistry;)V" line="63">
                <counter type="INSTRUCTION" missed="0" covered="18"/>
                <counter type="LINE" missed="0" covered="4"/>
                <counter type="COMPLEXITY" missed="0" covered="1"/>
                <counter type="METHOD" missed="0" covered="1"/>
            </method>
            <method name="getElementProviderRegistry" desc="()Lcom/github/ralfstuckert/com/github/ralfstuckert/openpdf/markdown/ElementProviderRegistry;" line="64">
                <counter type="INSTRUCTION" missed="3" covered="0"/>
                <counter type="LINE" missed="1" covered="0"/>
                <counter type="COMPLEXITY" missed="1" covered="0"/>
                <counter type="METHOD" missed="1" covered="0"/>
            </method>
            <method name="setElementProviderRegistry" desc="(Lcom/github/ralfstuckert/com/github/ralfstuckert/openpdf/markdown/ElementProviderRegistry;)V" line="64">
                <counter type="INSTRUCTION" missed="0" covered="7"/>
                <counter type="LINE" missed="0" covered="1"/>
                <counter type="COMPLEXITY" missed="0" covered="1"/>
                <counter type="METHOD" missed="0" covered="1"/>
            </method>
            <method name="getLineBreak" desc="()Ljava/lang/String;" line="66">
                <counter type="INSTRUCTION" missed="0" covered="3"/>
                <counter type="LINE" missed="0" covered="1"/>
                <counter type="COMPLEXITY" missed="0" covered="1"/>
                <counter type="METHOD" missed="0" covered="1"/>
            </method>
            <method name="unaryPlus" desc="(Ljava/lang/String;)Z" line="71">
                <counter type="INSTRUCTION" missed="0" covered="8"/>
                <counter type="LINE" missed="0" covered="1"/>
                <counter type="COMPLEXITY" missed="0" covered="1"/>
                <counter type="METHOD" missed="0" covered="1"/>
            </method>
            <method name="times" desc="(ILjava/lang/String;)V" line="74">
                <counter type="INSTRUCTION" missed="0" covered="18"/>
                <counter type="BRANCH" missed="0" covered="2"/>
                <counter type="LINE" missed="0" covered="1"/>
                <counter type="COMPLEXITY" missed="0" covered="2"/>
                <counter type="METHOD" missed="0" covered="1"/>
            </method>
            <method name="build$openpdf_markdown" desc="()Ljava/util/List;" line="78">
                <counter type="INSTRUCTION" missed="0" covered="16"/>
                <counter type="LINE" missed="0" covered="1"/>
                <counter type="COMPLEXITY" missed="0" covered="1"/>
                <counter type="METHOD" missed="0" covered="1"/>
            </method>
            <counter type="INSTRUCTION" missed="3" covered="70"/>
            <counter type="BRANCH" missed="0" covered="2"/>
            <counter type="LINE" missed="0" covered="7"/>
            <counter type="COMPLEXITY" missed="1" covered="7"/>
            <counter type="METHOD" missed="1" covered="6"/>
            <counter type="CLASS" missed="0" covered="1"/>
        </class>
        <class name="com/github/ralfstuckert/com/github/ralfstuckert/openpdf/markdown/document/DocumentDslKt" sourcefilename="DocumentDsl.kt">
            <method name="document" desc="(Lkotlin/jvm/functions/Function1;)[B" line="16">
                <counter type="INSTRUCTION" missed="0" covered="14"/>
                <counter type="LINE" missed="0" covered="3"/>
                <counter type="COMPLEXITY" missed="0" covered="1"/>
                <counter type="METHOD" missed="0" covered="1"/>
            </method>
            <method name="toInputStream" desc="([B)Ljava/io/ByteArrayInputStream;" line="84">
                <counter type="INSTRUCTION" missed="0" covered="8"/>
                <counter type="LINE" missed="0" covered="1"/>
                <counter type="COMPLEXITY" missed="0" covered="1"/>
                <counter type="METHOD" missed="0" covered="1"/>
            </method>
            <counter type="INSTRUCTION" missed="0" covered="22"/>
            <counter type="LINE" missed="0" covered="4"/>
            <counter type="COMPLEXITY" missed="0" covered="2"/>
            <counter type="METHOD" missed="0" covered="2"/>
            <counter type="CLASS" missed="0" covered="1"/>
        </class>
        <class name="com/github/ralfstuckert/com/github/ralfstuckert/openpdf/markdown/document/DocumentSize" sourcefilename="DocumentDsl.kt">
            <method name="&lt;init&gt;" desc="(Lcom/lowagie/text/Rectangle;)V" line="21">
                <counter type="INSTRUCTION" missed="0" covered="6"/>
                <counter type="LINE" missed="0" covered="1"/>
                <counter type="COMPLEXITY" missed="0" covered="1"/>
                <counter type="METHOD" missed="0" covered="1"/>
            </method>
            <method name="getRectangle" desc="()Lcom/lowagie/text/Rectangle;" line="21">
                <counter type="INSTRUCTION" missed="0" covered="3"/>
                <counter type="LINE" missed="0" covered="1"/>
                <counter type="COMPLEXITY" missed="0" covered="1"/>
                <counter type="METHOD" missed="0" covered="1"/>
            </method>
            <counter type="INSTRUCTION" missed="0" covered="9"/>
            <counter type="LINE" missed="0" covered="1"/>
            <counter type="COMPLEXITY" missed="0" covered="2"/>
            <counter type="METHOD" missed="0" covered="2"/>
            <counter type="CLASS" missed="0" covered="1"/>
        </class>
        <class name="com/github/ralfstuckert/com/github/ralfstuckert/openpdf/markdown/document/DocumentSize$A4_PORTRAIT" sourcefilename="DocumentDsl.kt">
            <method name="&lt;init&gt;" desc="()V" line="22">
                <counter type="INSTRUCTION" missed="0" covered="8"/>
                <counter type="LINE" missed="0" covered="1"/>
                <counter type="COMPLEXITY" missed="0" covered="1"/>
                <counter type="METHOD" missed="0" covered="1"/>
            </method>
            <counter type="INSTRUCTION" missed="0" covered="8"/>
            <counter type="LINE" missed="0" covered="1"/>
            <counter type="COMPLEXITY" missed="0" covered="1"/>
            <counter type="METHOD" missed="0" covered="1"/>
            <counter type="CLASS" missed="0" covered="1"/>
        </class>
        <class name="com/github/ralfstuckert/com/github/ralfstuckert/openpdf/markdown/document/DocumentSize$A4_LANDSCAPE" sourcefilename="DocumentDsl.kt">
            <method name="&lt;init&gt;" desc="()V" line="23">
                <counter type="INSTRUCTION" missed="9" covered="0"/>
                <counter type="LINE" missed="1" covered="0"/>
                <counter type="COMPLEXITY" missed="1" covered="0"/>
                <counter type="METHOD" missed="1" covered="0"/>
            </method>
            <counter type="INSTRUCTION" missed="9" covered="0"/>
            <counter type="LINE" missed="1" covered="0"/>
            <counter type="COMPLEXITY" missed="1" covered="0"/>
            <counter type="METHOD" missed="1" covered="0"/>
            <counter type="CLASS" missed="1" covered="0"/>
        </class>
        <class name="com/github/ralfstuckert/com/github/ralfstuckert/openpdf/markdown/document/DocumentBuilder" sourcefilename="DocumentDsl.kt">
            <method name="&lt;init&gt;" desc="()V" line="26">
                <counter type="INSTRUCTION" missed="0" covered="30"/>
                <counter type="LINE" missed="0" covered="9"/>
                <counter type="COMPLEXITY" missed="0" covered="1"/>
                <counter type="METHOD" missed="0" covered="1"/>
            </method>
            <method name="getMarginTop" desc="()F" line="31">
                <counter type="INSTRUCTION" missed="3" covered="0"/>
                <counter type="LINE" missed="1" covered="0"/>
                <counter type="COMPLEXITY" missed="1" covered="0"/>
                <counter type="METHOD" missed="1" covered="0"/>
            </method>
            <method name="setMarginTop" desc="(F)V" line="31">
                <counter type="INSTRUCTION" missed="0" covered="4"/>
                <counter type="LINE" missed="0" covered="1"/>
                <counter type="COMPLEXITY" missed="0" covered="1"/>
                <counter type="METHOD" missed="0" covered="1"/>
            </method>
            <method name="getMarginBottom" desc="()F" line="32">
                <counter type="INSTRUCTION" missed="3" covered="0"/>
                <counter type="LINE" missed="1" covered="0"/>
                <counter type="COMPLEXITY" missed="1" covered="0"/>
                <counter type="METHOD" missed="1" covered="0"/>
            </method>
            <method name="setMarginBottom" desc="(F)V" line="32">
                <counter type="INSTRUCTION" missed="4" covered="0"/>
                <counter type="LINE" missed="1" covered="0"/>
                <counter type="COMPLEXITY" missed="1" covered="0"/>
                <counter type="METHOD" missed="1" covered="0"/>
            </method>
            <method name="getMarginLeft" desc="()F" line="33">
                <counter type="INSTRUCTION" missed="3" covered="0"/>
                <counter type="LINE" missed="1" covered="0"/>
                <counter type="COMPLEXITY" missed="1" covered="0"/>
                <counter type="METHOD" missed="1" covered="0"/>
            </method>
            <method name="setMarginLeft" desc="(F)V" line="33">
                <counter type="INSTRUCTION" missed="0" covered="4"/>
                <counter type="LINE" missed="0" covered="1"/>
                <counter type="COMPLEXITY" missed="0" covered="1"/>
                <counter type="METHOD" missed="0" covered="1"/>
            </method>
            <method name="getMarginRight" desc="()F" line="34">
                <counter type="INSTRUCTION" missed="3" covered="0"/>
                <counter type="LINE" missed="1" covered="0"/>
                <counter type="COMPLEXITY" missed="1" covered="0"/>
                <counter type="METHOD" missed="1" covered="0"/>
            </method>
            <method name="setMarginRight" desc="(F)V" line="34">
                <counter type="INSTRUCTION" missed="0" covered="4"/>
                <counter type="LINE" missed="0" covered="1"/>
                <counter type="COMPLEXITY" missed="0" covered="1"/>
                <counter type="METHOD" missed="0" covered="1"/>
            </method>
            <method name="getSize" desc="()Lcom/github/ralfstuckert/com/github/ralfstuckert/openpdf/markdown/document/DocumentSize$A4_PORTRAIT;" line="35">
                <counter type="INSTRUCTION" missed="3" covered="0"/>
                <counter type="LINE" missed="1" covered="0"/>
                <counter type="COMPLEXITY" missed="1" covered="0"/>
                <counter type="METHOD" missed="1" covered="0"/>
            </method>
            <method name="setSize" desc="(Lcom/github/ralfstuckert/com/github/ralfstuckert/openpdf/markdown/document/DocumentSize$A4_PORTRAIT;)V" line="35">
                <counter type="INSTRUCTION" missed="7" covered="0"/>
                <counter type="LINE" missed="1" covered="0"/>
                <counter type="COMPLEXITY" missed="1" covered="0"/>
                <counter type="METHOD" missed="1" covered="0"/>
            </method>
            <method name="getElementProviderRegistry" desc="()Lcom/github/ralfstuckert/com/github/ralfstuckert/openpdf/markdown/ElementProviderRegistry;" line="37">
                <counter type="INSTRUCTION" missed="3" covered="0"/>
                <counter type="LINE" missed="1" covered="0"/>
                <counter type="COMPLEXITY" missed="1" covered="0"/>
                <counter type="METHOD" missed="1" covered="0"/>
            </method>
            <method name="setElementProviderRegistry" desc="(Lcom/github/ralfstuckert/com/github/ralfstuckert/openpdf/markdown/ElementProviderRegistry;)V" line="37">
                <counter type="INSTRUCTION" missed="0" covered="7"/>
                <counter type="LINE" missed="0" covered="1"/>
                <counter type="COMPLEXITY" missed="0" covered="1"/>
                <counter type="METHOD" missed="0" covered="1"/>
            </method>
            <method name="markup" desc="(Lkotlin/jvm/functions/Function1;)V" line="40">
                <counter type="INSTRUCTION" missed="0" covered="36"/>
                <counter type="LINE" missed="0" covered="7"/>
                <counter type="COMPLEXITY" missed="0" covered="1"/>
                <counter type="METHOD" missed="0" covered="1"/>
            </method>
            <method name="build$openpdf_markdown" desc="()[B" line="50">
                <counter type="INSTRUCTION" missed="0" covered="49"/>
                <counter type="LINE" missed="0" covered="10"/>
                <counter type="COMPLEXITY" missed="0" covered="1"/>
                <counter type="METHOD" missed="0" covered="1"/>
            </method>
            <counter type="INSTRUCTION" missed="29" covered="134"/>
            <counter type="LINE" missed="0" covered="26"/>
            <counter type="COMPLEXITY" missed="8" covered="7"/>
            <counter type="METHOD" missed="8" covered="7"/>
            <counter type="CLASS" missed="0" covered="1"/>
        </class>
        <sourcefile name="DocumentDsl.kt">
            <line nr="16" mi="0" ci="4" mb="0" cb="0"/>
            <line nr="17" mi="0" ci="4" mb="0" cb="0"/>
            <line nr="18" mi="0" ci="3" mb="0" cb="0"/>
            <line nr="21" mi="0" ci="9" mb="0" cb="0"/>
            <line nr="22" mi="0" ci="8" mb="0" cb="0"/>
            <line nr="23" mi="9" ci="0" mb="0" cb="0"/>
            <line nr="26" mi="0" ci="2" mb="0" cb="0"/>
            <line nr="27" mi="0" ci="1" mb="0" cb="0"/>
            <line nr="29" mi="0" ci="6" mb="0" cb="0"/>
            <line nr="31" mi="3" ci="7" mb="0" cb="0"/>
            <line nr="32" mi="7" ci="3" mb="0" cb="0"/>
            <line nr="33" mi="3" ci="7" mb="0" cb="0"/>
            <line nr="34" mi="3" ci="7" mb="0" cb="0"/>
            <line nr="35" mi="7" ci="3" mb="0" cb="0"/>
            <line nr="37" mi="3" ci="10" mb="0" cb="0"/>
            <line nr="40" mi="0" ci="6" mb="0" cb="0"/>
            <line nr="41" mi="0" ci="4" mb="0" cb="0"/>
            <line nr="42" mi="0" ci="10" mb="0" cb="0"/>
            <line nr="43" mi="0" ci="6" mb="0" cb="0"/>
            <line nr="44" mi="0" ci="1" mb="0" cb="0"/>
            <line nr="45" mi="0" ci="5" mb="0" cb="0"/>
            <line nr="46" mi="0" ci="1" mb="0" cb="0"/>
            <line nr="50" mi="0" ci="10" mb="0" cb="0"/>
            <line nr="51" mi="0" ci="15" mb="0" cb="0"/>
            <line nr="52" mi="0" ci="5" mb="0" cb="0"/>
            <line nr="53" mi="0" ci="2" mb="0" cb="0"/>
            <line nr="54" mi="0" ci="6" mb="0" cb="0"/>
            <line nr="55" mi="0" ci="5" mb="0" cb="0"/>
            <line nr="56" mi="0" ci="1" mb="0" cb="0"/>
            <line nr="57" mi="0" ci="2" mb="0" cb="0"/>
            <line nr="58" mi="0" ci="2" mb="0" cb="0"/>
            <line nr="59" mi="0" ci="1" mb="0" cb="0"/>
            <line nr="63" mi="0" ci="2" mb="0" cb="0"/>
            <line nr="64" mi="3" ci="8" mb="0" cb="0"/>
            <line nr="66" mi="0" ci="6" mb="0" cb="0"/>
            <line nr="68" mi="0" ci="6" mb="0" cb="0"/>
            <line nr="71" mi="0" ci="5" mb="0" cb="0"/>
            <line nr="74" mi="0" ci="15" mb="0" cb="2"/>
            <line nr="78" mi="0" ci="16" mb="0" cb="0"/>
            <line nr="84" mi="0" ci="5" mb="0" cb="0"/>
            <counter type="INSTRUCTION" missed="41" covered="243"/>
            <counter type="BRANCH" missed="0" covered="2"/>
            <counter type="LINE" missed="1" covered="39"/>
            <counter type="COMPLEXITY" missed="10" covered="19"/>
            <counter type="METHOD" missed="10" covered="18"/>
            <counter type="CLASS" missed="1" covered="5"/>
        </sourcefile>
        <counter type="INSTRUCTION" missed="41" covered="243"/>
        <counter type="BRANCH" missed="0" covered="2"/>
        <counter type="LINE" missed="1" covered="39"/>
        <counter type="COMPLEXITY" missed="10" covered="19"/>
        <counter type="METHOD" missed="10" covered="18"/>
        <counter type="CLASS" missed="1" covered="5"/>
    </package>
    <counter type="INSTRUCTION" missed="841" covered="4952"/>
    <counter type="BRANCH" missed="83" covered="161"/>
    <counter type="LINE" missed="105" covered="647"/>
    <counter type="COMPLEXITY" missed="129" covered="318"/>
    <counter type="METHOD" missed="57" covered="268"/>
    <counter type="CLASS" missed="17" covered="94"/>
</report>