<?xml version="1.0" encoding="UTF-8" standalone="no"?><!DOCTYPE report PUBLIC "-//JACOCO//DTD Report 1.1//EN" "report.dtd"><report name="Pester (04/16/2021 11:51:47)">
    <sessioninfo id="this" start="1618573899222" dump="1618573907682" />
    <package name="src">
        <class name="src/ChangelogManagement" sourcefilename="ChangelogManagement.psm1">
            <method name="&lt;script&gt;" desc="()" line="1">
                <counter type="INSTRUCTION" missed="1" covered="9" />
                <counter type="LINE" missed="1" covered="9" />
                <counter type="METHOD" missed="0" covered="1" />
            </method>
            <counter type="INSTRUCTION" missed="1" covered="9" />
            <counter type="LINE" missed="1" covered="9" />
            <counter type="METHOD" missed="0" covered="1" />
            <counter type="CLASS" missed="0" covered="1" />
        </class>
        <sourcefile name="ChangelogManagement.psm1">
            <line nr="1" mi="0" ci="1" mb="0" cb="0" />
            <line nr="2" mi="0" ci="1" mb="0" cb="0" />
            <line nr="3" mi="0" ci="1" mb="0" cb="0" />
            <line nr="4" mi="1" ci="0" mb="0" cb="0" />
            <line nr="8" mi="0" ci="1" mb="0" cb="0" />
            <line nr="9" mi="0" ci="1" mb="0" cb="0" />
            <line nr="10" mi="0" ci="1" mb="0" cb="0" />
            <line nr="11" mi="0" ci="1" mb="0" cb="0" />
            <line nr="12" mi="0" ci="1" mb="0" cb="0" />
            <line nr="15" mi="0" ci="1" mb="0" cb="0" />
            <counter type="INSTRUCTION" missed="1" covered="9" />
            <counter type="LINE" missed="1" covered="9" />
            <counter type="METHOD" missed="0" covered="1" />
            <counter type="CLASS" missed="0" covered="1" />
        </sourcefile>
        <counter type="INSTRUCTION" missed="1" covered="9" />
        <counter type="LINE" missed="1" covered="9" />
        <counter type="METHOD" missed="0" covered="1" />
        <counter type="CLASS" missed="0" covered="1" />
    </package>
    <package name="src/public">
        <class name="src/public/Add-ChangelogData" sourcefilename="Add-ChangelogData.ps1">
            <method name="Add-ChangelogData" desc="()" line="31">
                <counter type="INSTRUCTION" missed="0" covered="30" />
                <counter type="LINE" missed="0" covered="28" />
                <counter type="METHOD" missed="0" covered="1" />
            </method>
            <counter type="INSTRUCTION" missed="0" covered="30" />
            <counter type="LINE" missed="0" covered="28" />
            <counter type="METHOD" missed="0" covered="1" />
            <counter type="CLASS" missed="0" covered="1" />
        </class>
        <class name="src/public/ConvertFrom-Changelog" sourcefilename="ConvertFrom-Changelog.ps1">
            <method name="ConvertFrom-Changelog" desc="()" line="32">
                <counter type="INSTRUCTION" missed="0" covered="26" />
                <counter type="LINE" missed="0" covered="24" />
                <counter type="METHOD" missed="0" covered="1" />
            </method>
            <counter type="INSTRUCTION" missed="0" covered="26" />
            <counter type="LINE" missed="0" covered="24" />
            <counter type="METHOD" missed="0" covered="1" />
            <counter type="CLASS" missed="0" covered="1" />
        </class>
        <class name="src/public/Get-ChangelogData" sourcefilename="Get-ChangelogData.ps1">
            <method name="Get-ChangelogData" desc="()" line="26">
                <counter type="INSTRUCTION" missed="0" covered="88" />
                <counter type="LINE" missed="0" covered="70" />
                <counter type="METHOD" missed="0" covered="1" />
            </method>
            <counter type="INSTRUCTION" missed="0" covered="88" />
            <counter type="LINE" missed="0" covered="70" />
            <counter type="METHOD" missed="0" covered="1" />
            <counter type="CLASS" missed="0" covered="1" />
        </class>
        <class name="src/public/New-Changelog" sourcefilename="New-Changelog.ps1">
            <method name="New-Changelog" desc="()" line="39">
                <counter type="INSTRUCTION" missed="0" covered="11" />
                <counter type="LINE" missed="0" covered="11" />
                <counter type="METHOD" missed="0" covered="1" />
            </method>
            <counter type="INSTRUCTION" missed="0" covered="11" />
            <counter type="LINE" missed="0" covered="11" />
            <counter type="METHOD" missed="0" covered="1" />
            <counter type="CLASS" missed="0" covered="1" />
        </class>
        <class name="src/public/Update-Changelog" sourcefilename="Update-Changelog.ps1">
            <method name="Update-Changelog" desc="()" line="37">
                <counter type="INSTRUCTION" missed="2" covered="64" />
                <counter type="LINE" missed="2" covered="49" />
                <counter type="METHOD" missed="0" covered="1" />
            </method>
            <counter type="INSTRUCTION" missed="2" covered="64" />
            <counter type="LINE" missed="2" covered="49" />
            <counter type="METHOD" missed="0" covered="1" />
            <counter type="CLASS" missed="0" covered="1" />
        </class>
        <sourcefile name="Add-ChangelogData.ps1">
            <line nr="31" mi="0" ci="1" mb="0" cb="0" />
            <line nr="51" mi="0" ci="1" mb="0" cb="0" />
            <line nr="52" mi="0" ci="2" mb="0" cb="0" />
            <line nr="53" mi="0" ci="1" mb="0" cb="0" />
            <line nr="56" mi="0" ci="1" mb="0" cb="0" />
            <line nr="59" mi="0" ci="2" mb="0" cb="0" />
            <line nr="60" mi="0" ci="1" mb="0" cb="0" />
            <line nr="62" mi="0" ci="1" mb="0" cb="0" />
            <line nr="63" mi="0" ci="1" mb="0" cb="0" />
            <line nr="64" mi="0" ci="1" mb="0" cb="0" />
            <line nr="65" mi="0" ci="1" mb="0" cb="0" />
            <line nr="66" mi="0" ci="1" mb="0" cb="0" />
            <line nr="67" mi="0" ci="1" mb="0" cb="0" />
            <line nr="68" mi="0" ci="1" mb="0" cb="0" />
            <line nr="69" mi="0" ci="1" mb="0" cb="0" />
            <line nr="70" mi="0" ci="1" mb="0" cb="0" />
            <line nr="72" mi="0" ci="1" mb="0" cb="0" />
            <line nr="73" mi="0" ci="1" mb="0" cb="0" />
            <line nr="74" mi="0" ci="1" mb="0" cb="0" />
            <line nr="76" mi="0" ci="1" mb="0" cb="0" />
            <line nr="77" mi="0" ci="1" mb="0" cb="0" />
            <line nr="78" mi="0" ci="1" mb="0" cb="0" />
            <line nr="81" mi="0" ci="1" mb="0" cb="0" />
            <line nr="82" mi="0" ci="1" mb="0" cb="0" />
            <line nr="85" mi="0" ci="1" mb="0" cb="0" />
            <line nr="86" mi="0" ci="1" mb="0" cb="0" />
            <line nr="88" mi="0" ci="1" mb="0" cb="0" />
            <line nr="90" mi="0" ci="1" mb="0" cb="0" />
            <counter type="INSTRUCTION" missed="0" covered="30" />
            <counter type="LINE" missed="0" covered="28" />
            <counter type="METHOD" missed="0" covered="1" />
            <counter type="CLASS" missed="0" covered="1" />
        </sourcefile>
        <sourcefile name="ConvertFrom-Changelog.ps1">
            <line nr="32" mi="0" ci="1" mb="0" cb="0" />
            <line nr="53" mi="0" ci="1" mb="0" cb="0" />
            <line nr="55" mi="0" ci="1" mb="0" cb="0" />
            <line nr="56" mi="0" ci="1" mb="0" cb="0" />
            <line nr="57" mi="0" ci="1" mb="0" cb="0" />
            <line nr="58" mi="0" ci="1" mb="0" cb="0" />
            <line nr="59" mi="0" ci="3" mb="0" cb="0" />
            <line nr="62" mi="0" ci="1" mb="0" cb="0" />
            <line nr="65" mi="0" ci="1" mb="0" cb="0" />
            <line nr="66" mi="0" ci="1" mb="0" cb="0" />
            <line nr="67" mi="0" ci="1" mb="0" cb="0" />
            <line nr="69" mi="0" ci="1" mb="0" cb="0" />
            <line nr="71" mi="0" ci="1" mb="0" cb="0" />
            <line nr="72" mi="0" ci="1" mb="0" cb="0" />
            <line nr="73" mi="0" ci="1" mb="0" cb="0" />
            <line nr="75" mi="0" ci="1" mb="0" cb="0" />
            <line nr="77" mi="0" ci="1" mb="0" cb="0" />
            <line nr="78" mi="0" ci="1" mb="0" cb="0" />
            <line nr="79" mi="0" ci="1" mb="0" cb="0" />
            <line nr="82" mi="0" ci="1" mb="0" cb="0" />
            <line nr="83" mi="0" ci="1" mb="0" cb="0" />
            <line nr="84" mi="0" ci="1" mb="0" cb="0" />
            <line nr="85" mi="0" ci="1" mb="0" cb="0" />
            <line nr="88" mi="0" ci="1" mb="0" cb="0" />
            <counter type="INSTRUCTION" missed="0" covered="26" />
            <counter type="LINE" missed="0" covered="24" />
            <counter type="METHOD" missed="0" covered="1" />
            <counter type="CLASS" missed="0" covered="1" />
        </sourcefile>
        <sourcefile name="Get-ChangelogData.ps1">
            <line nr="26" mi="0" ci="1" mb="0" cb="0" />
            <line nr="31" mi="0" ci="1" mb="0" cb="0" />
            <line nr="32" mi="0" ci="2" mb="0" cb="0" />
            <line nr="33" mi="0" ci="1" mb="0" cb="0" />
            <line nr="35" mi="0" ci="1" mb="0" cb="0" />
            <line nr="38" mi="0" ci="2" mb="0" cb="0" />
            <line nr="39" mi="0" ci="1" mb="0" cb="0" />
            <line nr="41" mi="0" ci="1" mb="0" cb="0" />
            <line nr="42" mi="0" ci="1" mb="0" cb="0" />
            <line nr="43" mi="0" ci="1" mb="0" cb="0" />
            <line nr="44" mi="0" ci="1" mb="0" cb="0" />
            <line nr="45" mi="0" ci="1" mb="0" cb="0" />
            <line nr="46" mi="0" ci="1" mb="0" cb="0" />
            <line nr="47" mi="0" ci="1" mb="0" cb="0" />
            <line nr="51" mi="0" ci="1" mb="0" cb="0" />
            <line nr="52" mi="0" ci="1" mb="0" cb="0" />
            <line nr="53" mi="0" ci="1" mb="0" cb="0" />
            <line nr="54" mi="0" ci="1" mb="0" cb="0" />
            <line nr="55" mi="0" ci="2" mb="0" cb="0" />
            <line nr="56" mi="0" ci="2" mb="0" cb="0" />
            <line nr="61" mi="0" ci="1" mb="0" cb="0" />
            <line nr="62" mi="0" ci="1" mb="0" cb="0" />
            <line nr="63" mi="0" ci="1" mb="0" cb="0" />
            <line nr="64" mi="0" ci="1" mb="0" cb="0" />
            <line nr="68" mi="0" ci="1" mb="0" cb="0" />
            <line nr="69" mi="0" ci="1" mb="0" cb="0" />
            <line nr="70" mi="0" ci="1" mb="0" cb="0" />
            <line nr="72" mi="0" ci="1" mb="0" cb="0" />
            <line nr="76" mi="0" ci="1" mb="0" cb="0" />
            <line nr="77" mi="0" ci="1" mb="0" cb="0" />
            <line nr="78" mi="0" ci="1" mb="0" cb="0" />
            <line nr="80" mi="0" ci="5" mb="0" cb="0" />
            <line nr="81" mi="0" ci="1" mb="0" cb="0" />
            <line nr="84" mi="0" ci="1" mb="0" cb="0" />
            <line nr="85" mi="0" ci="1" mb="0" cb="0" />
            <line nr="86" mi="0" ci="1" mb="0" cb="0" />
            <line nr="87" mi="0" ci="3" mb="0" cb="0" />
            <line nr="88" mi="0" ci="1" mb="0" cb="0" />
            <line nr="89" mi="0" ci="1" mb="0" cb="0" />
            <line nr="90" mi="0" ci="1" mb="0" cb="0" />
            <line nr="91" mi="0" ci="1" mb="0" cb="0" />
            <line nr="92" mi="0" ci="1" mb="0" cb="0" />
            <line nr="93" mi="0" ci="1" mb="0" cb="0" />
            <line nr="94" mi="0" ci="1" mb="0" cb="0" />
            <line nr="100" mi="0" ci="1" mb="0" cb="0" />
            <line nr="101" mi="0" ci="1" mb="0" cb="0" />
            <line nr="102" mi="0" ci="1" mb="0" cb="0" />
            <line nr="103" mi="0" ci="1" mb="0" cb="0" />
            <line nr="105" mi="0" ci="5" mb="0" cb="0" />
            <line nr="106" mi="0" ci="1" mb="0" cb="0" />
            <line nr="110" mi="0" ci="1" mb="0" cb="0" />
            <line nr="111" mi="0" ci="1" mb="0" cb="0" />
            <line nr="112" mi="0" ci="1" mb="0" cb="0" />
            <line nr="113" mi="0" ci="2" mb="0" cb="0" />
            <line nr="114" mi="0" ci="1" mb="0" cb="0" />
            <line nr="115" mi="0" ci="3" mb="0" cb="0" />
            <line nr="116" mi="0" ci="1" mb="0" cb="0" />
            <line nr="117" mi="0" ci="1" mb="0" cb="0" />
            <line nr="118" mi="0" ci="1" mb="0" cb="0" />
            <line nr="119" mi="0" ci="1" mb="0" cb="0" />
            <line nr="120" mi="0" ci="1" mb="0" cb="0" />
            <line nr="121" mi="0" ci="1" mb="0" cb="0" />
            <line nr="122" mi="0" ci="1" mb="0" cb="0" />
            <line nr="129" mi="0" ci="1" mb="0" cb="0" />
            <line nr="130" mi="0" ci="1" mb="0" cb="0" />
            <line nr="132" mi="0" ci="1" mb="0" cb="0" />
            <line nr="135" mi="0" ci="1" mb="0" cb="0" />
            <line nr="136" mi="0" ci="2" mb="0" cb="0" />
            <line nr="138" mi="0" ci="1" mb="0" cb="0" />
            <line nr="141" mi="0" ci="1" mb="0" cb="0" />
            <counter type="INSTRUCTION" missed="0" covered="88" />
            <counter type="LINE" missed="0" covered="70" />
            <counter type="METHOD" missed="0" covered="1" />
            <counter type="CLASS" missed="0" covered="1" />
        </sourcefile>
        <sourcefile name="New-Changelog.ps1">
            <line nr="39" mi="0" ci="1" mb="0" cb="0" />
            <line nr="41" mi="0" ci="1" mb="0" cb="0" />
            <line nr="43" mi="0" ci="1" mb="0" cb="0" />
            <line nr="44" mi="0" ci="1" mb="0" cb="0" />
            <line nr="45" mi="0" ci="1" mb="0" cb="0" />
            <line nr="46" mi="0" ci="1" mb="0" cb="0" />
            <line nr="47" mi="0" ci="1" mb="0" cb="0" />
            <line nr="48" mi="0" ci="1" mb="0" cb="0" />
            <line nr="50" mi="0" ci="1" mb="0" cb="0" />
            <line nr="51" mi="0" ci="1" mb="0" cb="0" />
            <line nr="53" mi="0" ci="1" mb="0" cb="0" />
            <counter type="INSTRUCTION" missed="0" covered="11" />
            <counter type="LINE" missed="0" covered="11" />
            <counter type="METHOD" missed="0" covered="1" />
            <counter type="CLASS" missed="0" covered="1" />
        </sourcefile>
        <sourcefile name="Update-Changelog.ps1">
            <line nr="37" mi="0" ci="1" mb="0" cb="0" />
            <line nr="65" mi="0" ci="1" mb="0" cb="0" />
            <line nr="66" mi="0" ci="2" mb="0" cb="0" />
            <line nr="67" mi="0" ci="1" mb="0" cb="0" />
            <line nr="70" mi="0" ci="1" mb="0" cb="0" />
            <line nr="73" mi="0" ci="3" mb="0" cb="0" />
            <line nr="74" mi="0" ci="1" mb="0" cb="0" />
            <line nr="77" mi="0" ci="1" mb="0" cb="0" />
            <line nr="78" mi="0" ci="1" mb="0" cb="0" />
            <line nr="79" mi="1" ci="0" mb="0" cb="0" />
            <line nr="81" mi="0" ci="1" mb="0" cb="0" />
            <line nr="82" mi="0" ci="1" mb="0" cb="0" />
            <line nr="83" mi="0" ci="1" mb="0" cb="0" />
            <line nr="84" mi="0" ci="1" mb="0" cb="0" />
            <line nr="87" mi="0" ci="1" mb="0" cb="0" />
            <line nr="88" mi="0" ci="1" mb="0" cb="0" />
            <line nr="89" mi="1" ci="0" mb="0" cb="0" />
            <line nr="91" mi="0" ci="1" mb="0" cb="0" />
            <line nr="92" mi="0" ci="1" mb="0" cb="0" />
            <line nr="93" mi="0" ci="1" mb="0" cb="0" />
            <line nr="94" mi="0" ci="1" mb="0" cb="0" />
            <line nr="95" mi="0" ci="1" mb="0" cb="0" />
            <line nr="99" mi="0" ci="1" mb="0" cb="0" />
            <line nr="107" mi="0" ci="1" mb="0" cb="0" />
            <line nr="109" mi="0" ci="1" mb="0" cb="0" />
            <line nr="110" mi="0" ci="1" mb="0" cb="0" />
            <line nr="114" mi="0" ci="2" mb="0" cb="0" />
            <line nr="115" mi="0" ci="1" mb="0" cb="0" />
            <line nr="118" mi="0" ci="4" mb="0" cb="0" />
            <line nr="119" mi="0" ci="1" mb="0" cb="0" />
            <line nr="120" mi="0" ci="3" mb="0" cb="0" />
            <line nr="121" mi="0" ci="2" mb="0" cb="0" />
            <line nr="122" mi="0" ci="1" mb="0" cb="0" />
            <line nr="125" mi="0" ci="3" mb="0" cb="0" />
            <line nr="126" mi="0" ci="1" mb="0" cb="0" />
            <line nr="129" mi="0" ci="1" mb="0" cb="0" />
            <line nr="130" mi="0" ci="1" mb="0" cb="0" />
            <line nr="131" mi="0" ci="2" mb="0" cb="0" />
            <line nr="133" mi="0" ci="1" mb="0" cb="0" />
            <line nr="137" mi="0" ci="2" mb="0" cb="0" />
            <line nr="140" mi="0" ci="2" mb="0" cb="0" />
            <line nr="143" mi="0" ci="1" mb="0" cb="0" />
            <line nr="144" mi="0" ci="1" mb="0" cb="0" />
            <line nr="148" mi="0" ci="1" mb="0" cb="0" />
            <line nr="149" mi="0" ci="1" mb="0" cb="0" />
            <line nr="150" mi="0" ci="1" mb="0" cb="0" />
            <line nr="151" mi="0" ci="1" mb="0" cb="0" />
            <line nr="152" mi="0" ci="1" mb="0" cb="0" />
            <line nr="153" mi="0" ci="1" mb="0" cb="0" />
            <line nr="156" mi="0" ci="1" mb="0" cb="0" />
            <line nr="158" mi="0" ci="1" mb="0" cb="0" />
            <counter type="INSTRUCTION" missed="2" covered="64" />
            <counter type="LINE" missed="2" covered="49" />
            <counter type="METHOD" missed="0" covered="1" />
            <counter type="CLASS" missed="0" covered="1" />
        </sourcefile>
        <counter type="INSTRUCTION" missed="2" covered="219" />
        <counter type="LINE" missed="2" covered="182" />
        <counter type="METHOD" missed="0" covered="5" />
        <counter type="CLASS" missed="0" covered="5" />
    </package>
    <counter type="INSTRUCTION" missed="3" covered="228" />
    <counter type="LINE" missed="3" covered="191" />
    <counter type="METHOD" missed="0" covered="6" />
    <counter type="CLASS" missed="0" covered="6" />
</report>
